2018-05-16 12:08:51,017 [Worker-16] INFO  o.e.m.c.i.l.LifecycleMappingFactory - Using NULL lifecycle mapping for MavenProject: com.arjun.mall:mall-parent:0.0.1-SNAPSHOT @ /Users/pro/Desktop/Java/JavaWorkspace/mall-parent/pom.xml.
2018-05-22 14:40:09,506 [Worker-14] INFO  o.e.m.c.i.l.LifecycleMappingFactory - Using NULL lifecycle mapping for MavenProject: com.arjun.mall:mall-parent:0.0.1-SNAPSHOT @ /Users/pro/Desktop/Java/JavaWorkspace/mall-parent/pom.xml.
2018-05-22 14:40:17,190 [Worker-15] INFO  o.e.m.i.launch.MavenLaunchDelegate - /Users/pro/Desktop/Java/JavaWorkspace/mall-parent
2018-05-22 14:40:17,191 [Worker-15] INFO  o.e.m.i.launch.MavenLaunchDelegate -  mvn -B install
2018-05-22 14:41:46,245 [Worker-16] INFO  o.e.m.c.i.l.LifecycleMappingFactory - Using org.eclipse.m2e.jdt.JarLifecycleMapping lifecycle mapping for MavenProject: com.arjun.mall:mall-common:0.0.1-SNAPSHOT @ /Users/pro/Desktop/Java/JavaWorkspace/mall-common/pom.xml.
2018-05-22 14:41:46,632 [Worker-16] INFO  o.e.m.j.i.AbstractJavaProjectConfigurator - Adding source folder /mall-common/src/main/java
2018-05-22 14:41:46,634 [Worker-16] INFO  o.e.m.j.i.AbstractJavaProjectConfigurator - Adding resource folder /mall-common/src/main/resources
2018-05-22 14:41:46,638 [Worker-16] INFO  o.e.m.j.i.AbstractJavaProjectConfigurator - Adding source folder /mall-common/src/test/java
2018-05-22 14:41:46,639 [Worker-16] INFO  o.e.m.j.i.AbstractJavaProjectConfigurator - Adding resource folder /mall-common/src/test/resources
2018-05-22 14:41:47,170 [Worker-0] INFO  o.e.m.c.i.embedder.EclipseLogger - Using 'UTF-8' encoding to copy filtered resources.
2018-05-22 14:41:47,174 [Worker-0] INFO  o.e.m.c.i.embedder.EclipseLogger - Copying 0 resource
2018-05-22 14:41:47,176 [Worker-0] INFO  o.e.m.c.i.embedder.EclipseLogger - Using 'UTF-8' encoding to copy filtered resources.
2018-05-22 14:41:47,176 [Worker-0] INFO  o.e.m.c.i.embedder.EclipseLogger - Copying 0 resource
2018-05-22 14:42:12,980 [Worker-11] INFO  o.e.m.c.i.l.LifecycleMappingFactory - Using org.eclipse.m2e.jdt.JarLifecycleMapping lifecycle mapping for MavenProject: com.arjun.mall:mall-common:0.0.1-SNAPSHOT @ /Users/pro/Desktop/Java/JavaWorkspace/mall-common/pom.xml.
2018-05-22 14:42:15,477 [Worker-11] INFO  o.e.m.c.i.e.AbstractTransferListenerAdapter - Downloading https://repo.maven.apache.org/maven2/org/quartz-scheduler/quartz/2.2.2/quartz-2.2.2.pom
2018-05-22 14:42:15,892 [Worker-11] INFO  o.e.m.c.i.e.AbstractTransferListenerAdapter - Downloaded https://repo.maven.apache.org/maven2/org/quartz-scheduler/quartz/2.2.2/quartz-2.2.2.pom
2018-05-22 14:42:16,282 [Worker-11] INFO  o.e.m.c.i.e.AbstractTransferListenerAdapter - Downloading https://repo.maven.apache.org/maven2/org/quartz-scheduler/quartz-parent/2.2.2/quartz-parent-2.2.2.pom
2018-05-22 14:42:16,686 [Worker-11] INFO  o.e.m.c.i.e.AbstractTransferListenerAdapter - Downloaded https://repo.maven.apache.org/maven2/org/quartz-scheduler/quartz-parent/2.2.2/quartz-parent-2.2.2.pom
2018-05-22 14:42:16,714 [Worker-11] WARN  o.e.m.c.i.embedder.EclipseLogger - The artifact org.apache.commons:commons-io:jar:1.3.2 has been relocated to commons-io:commons-io:jar:1.3.2
2018-05-22 14:42:17,057 [Worker-11] INFO  o.e.m.c.i.e.AbstractTransferListenerAdapter - Downloading https://repo.maven.apache.org/maven2/org/quartz-scheduler/quartz/2.2.2/quartz-2.2.2.jar
2018-05-22 14:42:19,450 [Worker-11] INFO  o.e.m.c.i.e.AbstractTransferListenerAdapter - Downloaded https://repo.maven.apache.org/maven2/org/quartz-scheduler/quartz/2.2.2/quartz-2.2.2.jar
2018-05-22 14:42:19,630 [Worker-11] INFO  o.e.m.c.i.embedder.EclipseLogger - Using 'UTF-8' encoding to copy filtered resources.
2018-05-22 14:42:19,635 [Worker-11] INFO  o.e.m.c.i.embedder.EclipseLogger - Copying 0 resource
2018-05-22 14:42:19,638 [Worker-11] INFO  o.e.m.c.i.embedder.EclipseLogger - Using 'UTF-8' encoding to copy filtered resources.
2018-05-22 14:42:19,638 [Worker-11] INFO  o.e.m.c.i.embedder.EclipseLogger - Copying 0 resource
2018-05-22 14:42:20,031 [Worker-16] WARN  o.e.m.c.i.embedder.EclipseLogger - The artifact org.apache.commons:commons-io:jar:1.3.2 has been relocated to commons-io:commons-io:jar:1.3.2
2018-05-22 14:42:20,042 [Worker-16] INFO  o.e.m.c.i.embedder.EclipseLogger - Using 'UTF-8' encoding to copy filtered resources.
2018-05-22 14:42:20,044 [Worker-16] INFO  o.e.m.c.i.embedder.EclipseLogger - Copying 0 resource
2018-05-22 14:42:20,045 [Worker-16] INFO  o.e.m.c.i.embedder.EclipseLogger - Using 'UTF-8' encoding to copy filtered resources.
2018-05-22 14:42:20,045 [Worker-16] INFO  o.e.m.c.i.embedder.EclipseLogger - Copying 0 resource
2018-05-22 14:43:10,880 [Worker-11] ERROR o.e.m.c.i.p.r.ProjectRegistryManager - Failed to read Maven project: 1 problem was encountered while building the effective model for com.arjun.mall:mall-manager:0.0.1-SNAPSHOT
[FATAL] 'parent.artifactId' must be changed, the parent element cannot have the same groupId:artifactId as the project. @ line 5, column 17
 for project com.arjun.mall:mall-manager:0.0.1-SNAPSHOT at /Users/pro/Desktop/Java/JavaWorkspace/mall-manager/pom.xml
org.apache.maven.project.ProjectBuildingException: 1 problem was encountered while building the effective model for com.arjun.mall:mall-manager:0.0.1-SNAPSHOT
[FATAL] 'parent.artifactId' must be changed, the parent element cannot have the same groupId:artifactId as the project. @ line 5, column 17
 for project com.arjun.mall:mall-manager:0.0.1-SNAPSHOT at /Users/pro/Desktop/Java/JavaWorkspace/mall-manager/pom.xml
	at org.apache.maven.project.DefaultProjectBuilder.build(DefaultProjectBuilder.java:168) ~[maven-core-3.3.9.jar:3.3.9]
	at org.apache.maven.project.DefaultProjectBuilder.build(DefaultProjectBuilder.java:119) ~[maven-core-3.3.9.jar:3.3.9]
	at org.eclipse.m2e.core.internal.embedder.MavenImpl.readMavenProject(MavenImpl.java:636) ~[org.eclipse.m2e.core_1.7.0.20160603-1933.jar:na]
	at org.eclipse.m2e.core.internal.project.registry.ProjectRegistryManager$5.call(ProjectRegistryManager.java:816) ~[org.eclipse.m2e.core_1.7.0.20160603-1933.jar:na]
	at org.eclipse.m2e.core.internal.project.registry.ProjectRegistryManager$5.call(ProjectRegistryManager.java:1) ~[org.eclipse.m2e.core_1.7.0.20160603-1933.jar:na]
	at org.eclipse.m2e.core.internal.embedder.MavenExecutionContext.executeBare(MavenExecutionContext.java:176) ~[org.eclipse.m2e.core_1.7.0.20160603-1933.jar:na]
	at org.eclipse.m2e.core.internal.embedder.MavenExecutionContext.execute(MavenExecutionContext.java:151) ~[org.eclipse.m2e.core_1.7.0.20160603-1933.jar:na]
	at org.eclipse.m2e.core.internal.embedder.MavenExecutionContext.execute(MavenExecutionContext.java:99) ~[org.eclipse.m2e.core_1.7.0.20160603-1933.jar:na]
	at org.eclipse.m2e.core.internal.project.registry.ProjectRegistryManager.execute(ProjectRegistryManager.java:967) ~[org.eclipse.m2e.core_1.7.0.20160603-1933.jar:na]
	at org.eclipse.m2e.core.internal.project.registry.ProjectRegistryManager.readProjectWithDependencies(ProjectRegistryManager.java:811) ~[org.eclipse.m2e.core_1.7.0.20160603-1933.jar:na]
	at org.eclipse.m2e.core.internal.project.registry.ProjectRegistryManager.create(ProjectRegistryManager.java:192) ~[org.eclipse.m2e.core_1.7.0.20160603-1933.jar:na]
	at org.eclipse.m2e.core.internal.project.registry.MavenProjectManager.create(MavenProjectManager.java:80) [org.eclipse.m2e.core_1.7.0.20160603-1933.jar:na]
	at org.eclipse.m2e.core.ui.internal.actions.SelectionUtil.getMavenProject(SelectionUtil.java:259) [org.eclipse.m2e.core.ui_1.7.0.20160603-1933.jar:na]
	at org.eclipse.m2e.editor.pom.MavenPomEditor.readMavenProject(MavenPomEditor.java:732) [org.eclipse.m2e.editor_1.7.0.20160603-1933.jar:na]
	at org.eclipse.m2e.editor.pom.MavenPomEditor$5.run(MavenPomEditor.java:1053) [org.eclipse.m2e.editor_1.7.0.20160603-1933.jar:na]
	at org.eclipse.core.internal.jobs.Worker.run(Worker.java:55) [org.eclipse.core.jobs_3.8.0.v20160509-0411.jar:na]
Caused by: org.apache.maven.model.building.ModelBuildingException: 1 problem was encountered while building the effective model for com.arjun.mall:mall-manager:0.0.1-SNAPSHOT
[FATAL] 'parent.artifactId' must be changed, the parent element cannot have the same groupId:artifactId as the project. @ line 5, column 17

	at org.apache.maven.model.building.DefaultModelProblemCollector.newModelBuildingException(DefaultModelProblemCollector.java:197) ~[maven-model-builder-3.3.9.jar:3.3.9]
	at org.apache.maven.model.building.DefaultModelBuilder.readModel(DefaultModelBuilder.java:608) ~[maven-model-builder-3.3.9.jar:3.3.9]
	at org.apache.maven.model.building.DefaultModelBuilder.build(DefaultModelBuilder.java:273) ~[maven-model-builder-3.3.9.jar:3.3.9]
	at org.apache.maven.project.DefaultProjectBuilder.build(DefaultProjectBuilder.java:161) ~[maven-core-3.3.9.jar:3.3.9]
	... 15 common frames omitted
2018-05-22 14:43:41,996 [Worker-0] INFO  o.e.m.i.launch.MavenLaunchDelegate - /Users/pro/Desktop/Java/JavaWorkspace/mall-manager
2018-05-22 14:43:41,996 [Worker-0] INFO  o.e.m.i.launch.MavenLaunchDelegate -  mvn -B install
2018-05-22 14:44:37,108 [Worker-17] ERROR o.e.m.c.i.p.r.ProjectRegistryManager - Failed to read Maven project: 1 problem was encountered while building the effective model for com.arjun.mall:mall-manager:0.0.1-SNAPSHOT
[FATAL] 'parent.artifactId' must be changed, the parent element cannot have the same groupId:artifactId as the project. @ line 5, column 17
 for project com.arjun.mall:mall-manager:0.0.1-SNAPSHOT at /Users/pro/Desktop/Java/JavaWorkspace/mall-manager/pom.xml
org.apache.maven.project.ProjectBuildingException: 1 problem was encountered while building the effective model for com.arjun.mall:mall-manager:0.0.1-SNAPSHOT
[FATAL] 'parent.artifactId' must be changed, the parent element cannot have the same groupId:artifactId as the project. @ line 5, column 17
 for project com.arjun.mall:mall-manager:0.0.1-SNAPSHOT at /Users/pro/Desktop/Java/JavaWorkspace/mall-manager/pom.xml
	at org.apache.maven.project.DefaultProjectBuilder.build(DefaultProjectBuilder.java:168) ~[maven-core-3.3.9.jar:3.3.9]
	at org.apache.maven.project.DefaultProjectBuilder.build(DefaultProjectBuilder.java:119) ~[maven-core-3.3.9.jar:3.3.9]
	at org.eclipse.m2e.core.internal.embedder.MavenImpl.readMavenProject(MavenImpl.java:636) ~[org.eclipse.m2e.core_1.7.0.20160603-1933.jar:na]
	at org.eclipse.m2e.core.internal.project.registry.ProjectRegistryManager$5.call(ProjectRegistryManager.java:816) ~[org.eclipse.m2e.core_1.7.0.20160603-1933.jar:na]
	at org.eclipse.m2e.core.internal.project.registry.ProjectRegistryManager$5.call(ProjectRegistryManager.java:1) ~[org.eclipse.m2e.core_1.7.0.20160603-1933.jar:na]
	at org.eclipse.m2e.core.internal.embedder.MavenExecutionContext.executeBare(MavenExecutionContext.java:176) ~[org.eclipse.m2e.core_1.7.0.20160603-1933.jar:na]
	at org.eclipse.m2e.core.internal.embedder.MavenExecutionContext.execute(MavenExecutionContext.java:151) ~[org.eclipse.m2e.core_1.7.0.20160603-1933.jar:na]
	at org.eclipse.m2e.core.internal.embedder.MavenExecutionContext.execute(MavenExecutionContext.java:99) ~[org.eclipse.m2e.core_1.7.0.20160603-1933.jar:na]
	at org.eclipse.m2e.core.internal.project.registry.ProjectRegistryManager.execute(ProjectRegistryManager.java:967) ~[org.eclipse.m2e.core_1.7.0.20160603-1933.jar:na]
	at org.eclipse.m2e.core.internal.project.registry.ProjectRegistryManager.readProjectWithDependencies(ProjectRegistryManager.java:811) ~[org.eclipse.m2e.core_1.7.0.20160603-1933.jar:na]
	at org.eclipse.m2e.core.internal.project.registry.ProjectRegistryManager.create(ProjectRegistryManager.java:192) ~[org.eclipse.m2e.core_1.7.0.20160603-1933.jar:na]
	at org.eclipse.m2e.core.internal.project.registry.MavenProjectManager.create(MavenProjectManager.java:80) [org.eclipse.m2e.core_1.7.0.20160603-1933.jar:na]
	at org.eclipse.m2e.core.ui.internal.actions.SelectionUtil.getMavenProject(SelectionUtil.java:259) [org.eclipse.m2e.core.ui_1.7.0.20160603-1933.jar:na]
	at org.eclipse.m2e.editor.pom.MavenPomEditor.readMavenProject(MavenPomEditor.java:732) [org.eclipse.m2e.editor_1.7.0.20160603-1933.jar:na]
	at org.eclipse.m2e.editor.pom.MavenPomEditor$5.run(MavenPomEditor.java:1053) [org.eclipse.m2e.editor_1.7.0.20160603-1933.jar:na]
	at org.eclipse.core.internal.jobs.Worker.run(Worker.java:55) [org.eclipse.core.jobs_3.8.0.v20160509-0411.jar:na]
Caused by: org.apache.maven.model.building.ModelBuildingException: 1 problem was encountered while building the effective model for com.arjun.mall:mall-manager:0.0.1-SNAPSHOT
[FATAL] 'parent.artifactId' must be changed, the parent element cannot have the same groupId:artifactId as the project. @ line 5, column 17

	at org.apache.maven.model.building.DefaultModelProblemCollector.newModelBuildingException(DefaultModelProblemCollector.java:197) ~[maven-model-builder-3.3.9.jar:3.3.9]
	at org.apache.maven.model.building.DefaultModelBuilder.readModel(DefaultModelBuilder.java:608) ~[maven-model-builder-3.3.9.jar:3.3.9]
	at org.apache.maven.model.building.DefaultModelBuilder.build(DefaultModelBuilder.java:273) ~[maven-model-builder-3.3.9.jar:3.3.9]
	at org.apache.maven.project.DefaultProjectBuilder.build(DefaultProjectBuilder.java:161) ~[maven-core-3.3.9.jar:3.3.9]
	... 15 common frames omitted
2018-05-22 14:46:23,301 [Worker-10] ERROR o.e.m.c.i.p.r.ProjectRegistryManager - Failed to read Maven project: 1 problem was encountered while building the effective model for com.arjun.mall:mall-manager:0.0.1-SNAPSHOT
[FATAL] 'parent.artifactId' must be changed, the parent element cannot have the same groupId:artifactId as the project. @ line 5, column 17
 for project com.arjun.mall:mall-manager:0.0.1-SNAPSHOT at /Users/pro/Desktop/Java/JavaWorkspace/mall-manager/pom.xml
org.apache.maven.project.ProjectBuildingException: 1 problem was encountered while building the effective model for com.arjun.mall:mall-manager:0.0.1-SNAPSHOT
[FATAL] 'parent.artifactId' must be changed, the parent element cannot have the same groupId:artifactId as the project. @ line 5, column 17
 for project com.arjun.mall:mall-manager:0.0.1-SNAPSHOT at /Users/pro/Desktop/Java/JavaWorkspace/mall-manager/pom.xml
	at org.apache.maven.project.DefaultProjectBuilder.build(DefaultProjectBuilder.java:168) ~[maven-core-3.3.9.jar:3.3.9]
	at org.apache.maven.project.DefaultProjectBuilder.build(DefaultProjectBuilder.java:119) ~[maven-core-3.3.9.jar:3.3.9]
	at org.eclipse.m2e.core.internal.embedder.MavenImpl.readMavenProject(MavenImpl.java:636) ~[org.eclipse.m2e.core_1.7.0.20160603-1933.jar:na]
	at org.eclipse.m2e.core.internal.project.registry.ProjectRegistryManager$5.call(ProjectRegistryManager.java:816) ~[org.eclipse.m2e.core_1.7.0.20160603-1933.jar:na]
	at org.eclipse.m2e.core.internal.project.registry.ProjectRegistryManager$5.call(ProjectRegistryManager.java:1) ~[org.eclipse.m2e.core_1.7.0.20160603-1933.jar:na]
	at org.eclipse.m2e.core.internal.embedder.MavenExecutionContext.executeBare(MavenExecutionContext.java:176) ~[org.eclipse.m2e.core_1.7.0.20160603-1933.jar:na]
	at org.eclipse.m2e.core.internal.embedder.MavenExecutionContext.execute(MavenExecutionContext.java:151) ~[org.eclipse.m2e.core_1.7.0.20160603-1933.jar:na]
	at org.eclipse.m2e.core.internal.embedder.MavenExecutionContext.execute(MavenExecutionContext.java:99) ~[org.eclipse.m2e.core_1.7.0.20160603-1933.jar:na]
	at org.eclipse.m2e.core.internal.project.registry.ProjectRegistryManager.execute(ProjectRegistryManager.java:967) ~[org.eclipse.m2e.core_1.7.0.20160603-1933.jar:na]
	at org.eclipse.m2e.core.internal.project.registry.ProjectRegistryManager.readProjectWithDependencies(ProjectRegistryManager.java:811) ~[org.eclipse.m2e.core_1.7.0.20160603-1933.jar:na]
	at org.eclipse.m2e.core.internal.project.registry.ProjectRegistryManager.create(ProjectRegistryManager.java:192) ~[org.eclipse.m2e.core_1.7.0.20160603-1933.jar:na]
	at org.eclipse.m2e.core.internal.project.registry.MavenProjectManager.create(MavenProjectManager.java:80) [org.eclipse.m2e.core_1.7.0.20160603-1933.jar:na]
	at org.eclipse.m2e.core.ui.internal.actions.SelectionUtil.getMavenProject(SelectionUtil.java:259) [org.eclipse.m2e.core.ui_1.7.0.20160603-1933.jar:na]
	at org.eclipse.m2e.editor.pom.MavenPomEditor.readMavenProject(MavenPomEditor.java:732) [org.eclipse.m2e.editor_1.7.0.20160603-1933.jar:na]
	at org.eclipse.m2e.editor.pom.MavenPomEditor$5.run(MavenPomEditor.java:1053) [org.eclipse.m2e.editor_1.7.0.20160603-1933.jar:na]
	at org.eclipse.core.internal.jobs.Worker.run(Worker.java:55) [org.eclipse.core.jobs_3.8.0.v20160509-0411.jar:na]
Caused by: org.apache.maven.model.building.ModelBuildingException: 1 problem was encountered while building the effective model for com.arjun.mall:mall-manager:0.0.1-SNAPSHOT
[FATAL] 'parent.artifactId' must be changed, the parent element cannot have the same groupId:artifactId as the project. @ line 5, column 17

	at org.apache.maven.model.building.DefaultModelProblemCollector.newModelBuildingException(DefaultModelProblemCollector.java:197) ~[maven-model-builder-3.3.9.jar:3.3.9]
	at org.apache.maven.model.building.DefaultModelBuilder.readModel(DefaultModelBuilder.java:608) ~[maven-model-builder-3.3.9.jar:3.3.9]
	at org.apache.maven.model.building.DefaultModelBuilder.build(DefaultModelBuilder.java:273) ~[maven-model-builder-3.3.9.jar:3.3.9]
	at org.apache.maven.project.DefaultProjectBuilder.build(DefaultProjectBuilder.java:161) ~[maven-core-3.3.9.jar:3.3.9]
	... 15 common frames omitted
2018-05-22 14:46:25,442 [Worker-0] ERROR o.e.m.c.i.p.r.ProjectRegistryManager - Failed to read Maven project: 1 problem was encountered while building the effective model for com.arjun.mall:mall-manager-pojo:[unknown-version]
[FATAL] 'parent.artifactId' must be changed, the parent element cannot have the same groupId:artifactId as the project. @ com.arjun.mall:mall-manager:0.0.1-SNAPSHOT, /Users/pro/Desktop/Java/JavaWorkspace/mall-manager/pom.xml, line 5, column 17
 for project com.arjun.mall:mall-manager-pojo:[unknown-version] at /Users/pro/Desktop/Java/JavaWorkspace/mall-manager/mall-manager-pojo/pom.xml
org.apache.maven.project.ProjectBuildingException: 1 problem was encountered while building the effective model for com.arjun.mall:mall-manager-pojo:[unknown-version]
[FATAL] 'parent.artifactId' must be changed, the parent element cannot have the same groupId:artifactId as the project. @ com.arjun.mall:mall-manager:0.0.1-SNAPSHOT, /Users/pro/Desktop/Java/JavaWorkspace/mall-manager/pom.xml, line 5, column 17
 for project com.arjun.mall:mall-manager-pojo:[unknown-version] at /Users/pro/Desktop/Java/JavaWorkspace/mall-manager/mall-manager-pojo/pom.xml
	at org.apache.maven.project.DefaultProjectBuilder.build(DefaultProjectBuilder.java:168) ~[maven-core-3.3.9.jar:3.3.9]
	at org.apache.maven.project.DefaultProjectBuilder.build(DefaultProjectBuilder.java:119) ~[maven-core-3.3.9.jar:3.3.9]
	at org.eclipse.m2e.core.internal.embedder.MavenImpl.readMavenProject(MavenImpl.java:636) ~[org.eclipse.m2e.core_1.7.0.20160603-1933.jar:na]
	at org.eclipse.m2e.core.internal.project.registry.ProjectRegistryManager$5.call(ProjectRegistryManager.java:816) ~[org.eclipse.m2e.core_1.7.0.20160603-1933.jar:na]
	at org.eclipse.m2e.core.internal.project.registry.ProjectRegistryManager$5.call(ProjectRegistryManager.java:1) ~[org.eclipse.m2e.core_1.7.0.20160603-1933.jar:na]
	at org.eclipse.m2e.core.internal.embedder.MavenExecutionContext.executeBare(MavenExecutionContext.java:176) ~[org.eclipse.m2e.core_1.7.0.20160603-1933.jar:na]
	at org.eclipse.m2e.core.internal.embedder.MavenExecutionContext.execute(MavenExecutionContext.java:151) ~[org.eclipse.m2e.core_1.7.0.20160603-1933.jar:na]
	at org.eclipse.m2e.core.internal.embedder.MavenExecutionContext.execute(MavenExecutionContext.java:99) ~[org.eclipse.m2e.core_1.7.0.20160603-1933.jar:na]
	at org.eclipse.m2e.core.internal.project.registry.ProjectRegistryManager.execute(ProjectRegistryManager.java:967) ~[org.eclipse.m2e.core_1.7.0.20160603-1933.jar:na]
	at org.eclipse.m2e.core.internal.project.registry.ProjectRegistryManager.readProjectWithDependencies(ProjectRegistryManager.java:811) ~[org.eclipse.m2e.core_1.7.0.20160603-1933.jar:na]
	at org.eclipse.m2e.core.internal.project.registry.ProjectRegistryManager.create(ProjectRegistryManager.java:192) ~[org.eclipse.m2e.core_1.7.0.20160603-1933.jar:na]
	at org.eclipse.m2e.core.internal.project.registry.MavenProjectManager.create(MavenProjectManager.java:80) [org.eclipse.m2e.core_1.7.0.20160603-1933.jar:na]
	at org.eclipse.m2e.core.ui.internal.actions.SelectionUtil.getMavenProject(SelectionUtil.java:259) [org.eclipse.m2e.core.ui_1.7.0.20160603-1933.jar:na]
	at org.eclipse.m2e.editor.pom.MavenPomEditor.readMavenProject(MavenPomEditor.java:732) [org.eclipse.m2e.editor_1.7.0.20160603-1933.jar:na]
	at org.eclipse.m2e.editor.pom.MavenPomEditor$5.run(MavenPomEditor.java:1053) [org.eclipse.m2e.editor_1.7.0.20160603-1933.jar:na]
	at org.eclipse.core.internal.jobs.Worker.run(Worker.java:55) [org.eclipse.core.jobs_3.8.0.v20160509-0411.jar:na]
Caused by: org.apache.maven.model.building.ModelBuildingException: 1 problem was encountered while building the effective model for com.arjun.mall:mall-manager-pojo:[unknown-version]
[FATAL] 'parent.artifactId' must be changed, the parent element cannot have the same groupId:artifactId as the project. @ com.arjun.mall:mall-manager:0.0.1-SNAPSHOT, /Users/pro/Desktop/Java/JavaWorkspace/mall-manager/pom.xml, line 5, column 17

	at org.apache.maven.model.building.DefaultModelProblemCollector.newModelBuildingException(DefaultModelProblemCollector.java:197) ~[maven-model-builder-3.3.9.jar:3.3.9]
	at org.apache.maven.model.building.DefaultModelBuilder.readModel(DefaultModelBuilder.java:608) ~[maven-model-builder-3.3.9.jar:3.3.9]
	at org.apache.maven.model.building.DefaultModelBuilder.readParentLocally(DefaultModelBuilder.java:868) ~[maven-model-builder-3.3.9.jar:3.3.9]
	at org.apache.maven.model.building.DefaultModelBuilder.readParent(DefaultModelBuilder.java:796) ~[maven-model-builder-3.3.9.jar:3.3.9]
	at org.apache.maven.model.building.DefaultModelBuilder.build(DefaultModelBuilder.java:329) ~[maven-model-builder-3.3.9.jar:3.3.9]
	at org.apache.maven.project.DefaultProjectBuilder.build(DefaultProjectBuilder.java:161) ~[maven-core-3.3.9.jar:3.3.9]
	... 15 common frames omitted
2018-05-22 14:49:21,534 [Worker-14] ERROR o.e.m.c.i.p.r.ProjectRegistryManager - Failed to read Maven project: 1 problem was encountered while building the effective model for com.arjun.mall:mall-manager:0.0.1-SNAPSHOT
[FATAL] 'parent.artifactId' must be changed, the parent element cannot have the same groupId:artifactId as the project. @ line 5, column 17
 for project com.arjun.mall:mall-manager:0.0.1-SNAPSHOT at /Users/pro/Desktop/Java/JavaWorkspace/mall-manager/pom.xml
org.apache.maven.project.ProjectBuildingException: 1 problem was encountered while building the effective model for com.arjun.mall:mall-manager:0.0.1-SNAPSHOT
[FATAL] 'parent.artifactId' must be changed, the parent element cannot have the same groupId:artifactId as the project. @ line 5, column 17
 for project com.arjun.mall:mall-manager:0.0.1-SNAPSHOT at /Users/pro/Desktop/Java/JavaWorkspace/mall-manager/pom.xml
	at org.apache.maven.project.DefaultProjectBuilder.build(DefaultProjectBuilder.java:168) ~[maven-core-3.3.9.jar:3.3.9]
	at org.apache.maven.project.DefaultProjectBuilder.build(DefaultProjectBuilder.java:119) ~[maven-core-3.3.9.jar:3.3.9]
	at org.eclipse.m2e.core.internal.embedder.MavenImpl.readMavenProject(MavenImpl.java:636) ~[org.eclipse.m2e.core_1.7.0.20160603-1933.jar:na]
	at org.eclipse.m2e.core.internal.project.registry.ProjectRegistryManager$5.call(ProjectRegistryManager.java:816) ~[org.eclipse.m2e.core_1.7.0.20160603-1933.jar:na]
	at org.eclipse.m2e.core.internal.project.registry.ProjectRegistryManager$5.call(ProjectRegistryManager.java:1) ~[org.eclipse.m2e.core_1.7.0.20160603-1933.jar:na]
	at org.eclipse.m2e.core.internal.embedder.MavenExecutionContext.executeBare(MavenExecutionContext.java:176) ~[org.eclipse.m2e.core_1.7.0.20160603-1933.jar:na]
	at org.eclipse.m2e.core.internal.embedder.MavenExecutionContext.execute(MavenExecutionContext.java:151) ~[org.eclipse.m2e.core_1.7.0.20160603-1933.jar:na]
	at org.eclipse.m2e.core.internal.embedder.MavenExecutionContext.execute(MavenExecutionContext.java:99) ~[org.eclipse.m2e.core_1.7.0.20160603-1933.jar:na]
	at org.eclipse.m2e.core.internal.project.registry.ProjectRegistryManager.execute(ProjectRegistryManager.java:967) ~[org.eclipse.m2e.core_1.7.0.20160603-1933.jar:na]
	at org.eclipse.m2e.core.internal.project.registry.ProjectRegistryManager.readProjectWithDependencies(ProjectRegistryManager.java:811) ~[org.eclipse.m2e.core_1.7.0.20160603-1933.jar:na]
	at org.eclipse.m2e.core.internal.project.registry.ProjectRegistryManager.create(ProjectRegistryManager.java:192) ~[org.eclipse.m2e.core_1.7.0.20160603-1933.jar:na]
	at org.eclipse.m2e.core.internal.project.registry.MavenProjectManager.create(MavenProjectManager.java:80) [org.eclipse.m2e.core_1.7.0.20160603-1933.jar:na]
	at org.eclipse.m2e.core.ui.internal.actions.SelectionUtil.getMavenProject(SelectionUtil.java:259) [org.eclipse.m2e.core.ui_1.7.0.20160603-1933.jar:na]
	at org.eclipse.m2e.editor.pom.MavenPomEditor.readMavenProject(MavenPomEditor.java:732) [org.eclipse.m2e.editor_1.7.0.20160603-1933.jar:na]
	at org.eclipse.m2e.editor.pom.MavenPomEditor$5.run(MavenPomEditor.java:1053) [org.eclipse.m2e.editor_1.7.0.20160603-1933.jar:na]
	at org.eclipse.core.internal.jobs.Worker.run(Worker.java:55) [org.eclipse.core.jobs_3.8.0.v20160509-0411.jar:na]
Caused by: org.apache.maven.model.building.ModelBuildingException: 1 problem was encountered while building the effective model for com.arjun.mall:mall-manager:0.0.1-SNAPSHOT
[FATAL] 'parent.artifactId' must be changed, the parent element cannot have the same groupId:artifactId as the project. @ line 5, column 17

	at org.apache.maven.model.building.DefaultModelProblemCollector.newModelBuildingException(DefaultModelProblemCollector.java:197) ~[maven-model-builder-3.3.9.jar:3.3.9]
	at org.apache.maven.model.building.DefaultModelBuilder.readModel(DefaultModelBuilder.java:608) ~[maven-model-builder-3.3.9.jar:3.3.9]
	at org.apache.maven.model.building.DefaultModelBuilder.build(DefaultModelBuilder.java:273) ~[maven-model-builder-3.3.9.jar:3.3.9]
	at org.apache.maven.project.DefaultProjectBuilder.build(DefaultProjectBuilder.java:161) ~[maven-core-3.3.9.jar:3.3.9]
	... 15 common frames omitted
2018-05-22 14:49:25,409 [Worker-21] INFO  o.e.m.i.launch.MavenLaunchDelegate - /Users/pro/Desktop/Java/JavaWorkspace/mall-manager
2018-05-22 14:49:25,409 [Worker-21] INFO  o.e.m.i.launch.MavenLaunchDelegate -  mvn -B install
2018-05-22 14:49:52,280 [Worker-14] WARN  o.e.m.c.i.embedder.EclipseLogger - The POM for cn.e3mall:e3-common:jar:0.0.1-SNAPSHOT is missing, no dependency information available
2018-05-22 14:49:52,288 [Worker-14] WARN  o.e.m.c.i.embedder.EclipseLogger - The POM for cn.e3mall:e3-common:jar:0.0.1-SNAPSHOT is missing, no dependency information available
2018-05-22 14:49:52,409 [Worker-23] INFO  o.e.m.c.i.l.LifecycleMappingFactory - Using NULL lifecycle mapping for MavenProject: com.arjun.mall:mall-manager:0.0.1-SNAPSHOT @ /Users/pro/Desktop/Java/JavaWorkspace/mall-manager/pom.xml.
2018-05-22 14:49:52,411 [Worker-23] WARN  o.e.m.c.i.embedder.EclipseLogger - The POM for cn.e3mall:e3-common:jar:0.0.1-SNAPSHOT is missing, no dependency information available
2018-05-22 14:49:52,440 [Worker-23] INFO  o.e.m.c.i.l.LifecycleMappingFactory - Using org.eclipse.m2e.jdt.JarLifecycleMapping lifecycle mapping for MavenProject: com.arjun.mall:mall-manager-pojo:0.0.1-SNAPSHOT @ /Users/pro/Desktop/Java/JavaWorkspace/mall-manager/mall-manager-pojo/pom.xml.
2018-05-22 14:49:52,493 [Worker-23] WARN  o.e.m.c.i.embedder.EclipseLogger - The POM for cn.e3mall:e3-common:jar:0.0.1-SNAPSHOT is missing, no dependency information available
2018-05-22 14:49:52,496 [Worker-23] INFO  o.e.m.c.i.embedder.EclipseLogger - Using 'UTF-8' encoding to copy filtered resources.
2018-05-22 14:49:52,497 [Worker-23] INFO  o.e.m.c.i.embedder.EclipseLogger - Copying 0 resource
2018-05-22 14:49:52,497 [Worker-23] INFO  o.e.m.c.i.embedder.EclipseLogger - Using 'UTF-8' encoding to copy filtered resources.
2018-05-22 14:49:52,498 [Worker-23] INFO  o.e.m.c.i.embedder.EclipseLogger - Copying 0 resource
2018-05-22 14:49:56,833 [Worker-22] INFO  o.e.m.i.launch.MavenLaunchDelegate - /Users/pro/Desktop/Java/JavaWorkspace/mall-manager
2018-05-22 14:49:56,833 [Worker-22] INFO  o.e.m.i.launch.MavenLaunchDelegate -  mvn -B install
2018-05-22 14:49:58,553 [Worker-20] WARN  o.e.m.c.i.embedder.EclipseLogger - The POM for cn.e3mall:e3-common:jar:0.0.1-SNAPSHOT is missing, no dependency information available
2018-05-22 14:49:58,557 [Worker-20] INFO  o.e.m.c.i.embedder.EclipseLogger - Using 'UTF-8' encoding to copy filtered resources.
2018-05-22 14:49:58,557 [Worker-20] INFO  o.e.m.c.i.embedder.EclipseLogger - Copying 0 resource
2018-05-22 14:49:58,558 [Worker-20] INFO  o.e.m.c.i.embedder.EclipseLogger - Using 'UTF-8' encoding to copy filtered resources.
2018-05-22 14:49:58,558 [Worker-20] INFO  o.e.m.c.i.embedder.EclipseLogger - Copying 0 resource
2018-05-22 14:50:12,967 [Worker-12] INFO  o.e.m.i.launch.MavenLaunchDelegate - /Users/pro/Desktop/Java/JavaWorkspace/mall-manager/mall-manager-pojo
2018-05-22 14:50:12,967 [Worker-12] INFO  o.e.m.i.launch.MavenLaunchDelegate -  mvn -B install
2018-05-22 14:50:20,090 [Worker-12] INFO  o.e.m.c.i.l.LifecycleMappingFactory - Using NULL lifecycle mapping for MavenProject: com.arjun.mall:mall-manager:0.0.1-SNAPSHOT @ /Users/pro/Desktop/Java/JavaWorkspace/mall-manager/pom.xml.
2018-05-22 14:50:20,119 [Worker-12] INFO  o.e.m.c.i.l.LifecycleMappingFactory - Using org.eclipse.m2e.jdt.JarLifecycleMapping lifecycle mapping for MavenProject: com.arjun.mall:mall-manager-pojo:0.0.1-SNAPSHOT @ /Users/pro/Desktop/Java/JavaWorkspace/mall-manager/mall-manager-pojo/pom.xml.
2018-05-22 14:50:23,692 [Worker-23] INFO  o.e.m.i.launch.MavenLaunchDelegate - /Users/pro/Desktop/Java/JavaWorkspace/mall-manager
2018-05-22 14:50:23,692 [Worker-23] INFO  o.e.m.i.launch.MavenLaunchDelegate -  mvn -B install
2018-05-22 14:50:25,898 [Worker-23] INFO  o.e.m.c.i.embedder.EclipseLogger - Using 'UTF-8' encoding to copy filtered resources.
2018-05-22 14:50:25,898 [Worker-23] INFO  o.e.m.c.i.embedder.EclipseLogger - Copying 0 resource
2018-05-22 14:50:25,898 [Worker-23] INFO  o.e.m.c.i.embedder.EclipseLogger - Using 'UTF-8' encoding to copy filtered resources.
2018-05-22 14:50:25,899 [Worker-23] INFO  o.e.m.c.i.embedder.EclipseLogger - Copying 0 resource
2018-05-22 14:50:34,637 [Worker-24] INFO  o.e.m.c.i.l.LifecycleMappingFactory - Using NULL lifecycle mapping for MavenProject: com.arjun.mall:mall-manager:0.0.1-SNAPSHOT @ /Users/pro/Desktop/Java/JavaWorkspace/mall-manager/pom.xml.
2018-05-22 14:50:34,638 [Worker-24] WARN  o.e.m.c.i.embedder.EclipseLogger - The POM for cn.e3mall:e3-common:jar:0.0.1-SNAPSHOT is missing, no dependency information available
2018-05-22 14:50:34,661 [Worker-24] INFO  o.e.m.c.i.l.LifecycleMappingFactory - Using org.eclipse.m2e.jdt.JarLifecycleMapping lifecycle mapping for MavenProject: com.arjun.mall:mall-manager-pojo:0.0.1-SNAPSHOT @ /Users/pro/Desktop/Java/JavaWorkspace/mall-manager/mall-manager-pojo/pom.xml.
2018-05-22 14:50:42,510 [Worker-14] WARN  o.e.m.c.i.embedder.EclipseLogger - The POM for com.arjun.mall:e3-common:jar:0.0.1-SNAPSHOT is missing, no dependency information available
2018-05-22 14:50:42,665 [Worker-22] INFO  o.e.m.c.i.l.LifecycleMappingFactory - Using NULL lifecycle mapping for MavenProject: com.arjun.mall:mall-manager:0.0.1-SNAPSHOT @ /Users/pro/Desktop/Java/JavaWorkspace/mall-manager/pom.xml.
2018-05-22 14:50:42,666 [Worker-22] WARN  o.e.m.c.i.embedder.EclipseLogger - The POM for com.arjun.mall:e3-common:jar:0.0.1-SNAPSHOT is missing, no dependency information available
2018-05-22 14:50:42,688 [Worker-22] INFO  o.e.m.c.i.l.LifecycleMappingFactory - Using org.eclipse.m2e.jdt.JarLifecycleMapping lifecycle mapping for MavenProject: com.arjun.mall:mall-manager-pojo:0.0.1-SNAPSHOT @ /Users/pro/Desktop/Java/JavaWorkspace/mall-manager/mall-manager-pojo/pom.xml.
2018-05-22 14:50:49,268 [Worker-21] INFO  o.e.m.c.i.l.LifecycleMappingFactory - Using NULL lifecycle mapping for MavenProject: com.arjun.mall:mall-manager:0.0.1-SNAPSHOT @ /Users/pro/Desktop/Java/JavaWorkspace/mall-manager/pom.xml.
2018-05-22 14:50:49,318 [Worker-21] INFO  o.e.m.c.i.l.LifecycleMappingFactory - Using org.eclipse.m2e.jdt.JarLifecycleMapping lifecycle mapping for MavenProject: com.arjun.mall:mall-manager-pojo:0.0.1-SNAPSHOT @ /Users/pro/Desktop/Java/JavaWorkspace/mall-manager/mall-manager-pojo/pom.xml.
2018-05-22 14:52:15,892 [Worker-22] INFO  o.e.m.c.i.l.LifecycleMappingFactory - Using org.eclipse.m2e.jdt.JarLifecycleMapping lifecycle mapping for MavenProject: com.arjun.mall:mall-manager-dao:0.0.1-SNAPSHOT @ /Users/pro/Desktop/Java/JavaWorkspace/mall-manager/mall-manager-dao/pom.xml.
2018-05-22 14:52:15,957 [Worker-22] INFO  o.e.m.j.i.AbstractJavaProjectConfigurator - Adding source folder /mall-manager-dao/src/main/java
2018-05-22 14:52:15,957 [Worker-22] INFO  o.e.m.j.i.AbstractJavaProjectConfigurator - Adding resource folder /mall-manager-dao/src/main/resources
2018-05-22 14:52:15,961 [Worker-22] INFO  o.e.m.j.i.AbstractJavaProjectConfigurator - Adding source folder /mall-manager-dao/src/test/java
2018-05-22 14:52:15,961 [Worker-22] INFO  o.e.m.j.i.AbstractJavaProjectConfigurator - Adding resource folder /mall-manager-dao/src/test/resources
2018-05-22 14:52:16,198 [Worker-23] INFO  o.e.m.c.i.embedder.EclipseLogger - Using 'UTF-8' encoding to copy filtered resources.
2018-05-22 14:52:16,199 [Worker-23] INFO  o.e.m.c.i.embedder.EclipseLogger - Copying 0 resource
2018-05-22 14:52:16,200 [Worker-23] INFO  o.e.m.c.i.embedder.EclipseLogger - Using 'UTF-8' encoding to copy filtered resources.
2018-05-22 14:52:16,200 [Worker-23] INFO  o.e.m.c.i.embedder.EclipseLogger - Copying 0 resource
2018-05-22 14:52:17,244 [Worker-23] INFO  o.e.m.c.i.l.LifecycleMappingFactory - Using NULL lifecycle mapping for MavenProject: com.arjun.mall:mall-manager:0.0.1-SNAPSHOT @ /Users/pro/Desktop/Java/JavaWorkspace/mall-manager/pom.xml.
2018-05-22 14:52:17,289 [Worker-23] INFO  o.e.m.c.i.l.LifecycleMappingFactory - Using org.eclipse.m2e.jdt.JarLifecycleMapping lifecycle mapping for MavenProject: com.arjun.mall:mall-manager-pojo:0.0.1-SNAPSHOT @ /Users/pro/Desktop/Java/JavaWorkspace/mall-manager/mall-manager-pojo/pom.xml.
2018-05-22 14:52:17,307 [Worker-23] INFO  o.e.m.c.i.l.LifecycleMappingFactory - Using org.eclipse.m2e.jdt.JarLifecycleMapping lifecycle mapping for MavenProject: com.arjun.mall:mall-manager-dao:0.0.1-SNAPSHOT @ /Users/pro/Desktop/Java/JavaWorkspace/mall-manager/mall-manager-dao/pom.xml.
2018-05-22 14:52:17,427 [Worker-23] INFO  o.e.m.c.i.embedder.EclipseLogger - Using 'UTF-8' encoding to copy filtered resources.
2018-05-22 14:52:17,427 [Worker-23] INFO  o.e.m.c.i.embedder.EclipseLogger - Copying 0 resource
2018-05-22 14:52:17,429 [Worker-23] INFO  o.e.m.c.i.embedder.EclipseLogger - Using 'UTF-8' encoding to copy filtered resources.
2018-05-22 14:52:17,429 [Worker-23] INFO  o.e.m.c.i.embedder.EclipseLogger - Copying 0 resource
2018-05-22 14:52:41,983 [Worker-12] INFO  o.e.m.c.i.l.LifecycleMappingFactory - Using org.eclipse.m2e.jdt.JarLifecycleMapping lifecycle mapping for MavenProject: com.arjun.mall:mall-manager-dao:0.0.1-SNAPSHOT @ /Users/pro/Desktop/Java/JavaWorkspace/mall-manager/mall-manager-dao/pom.xml.
2018-05-22 14:52:41,984 [Worker-12] WARN  o.e.m.c.i.embedder.EclipseLogger - The POM for cn.e3mall:e3-manager-pojo:jar:0.0.1-SNAPSHOT is missing, no dependency information available
2018-05-22 14:52:43,251 [Worker-12] INFO  o.e.m.c.i.e.AbstractTransferListenerAdapter - Downloaded https://repo.maven.apache.org/maven2/com/github/pagehelper/pagehelper/3.4.2-fix/pagehelper-3.4.2-fix.pom
2018-05-22 14:52:43,252 [Worker-12] WARN  o.e.m.c.i.embedder.EclipseLogger - The POM for com.github.pagehelper:pagehelper:jar:3.4.2-fix is missing, no dependency information available
2018-05-22 14:52:44,908 [Worker-12] INFO  o.e.m.c.i.e.AbstractTransferListenerAdapter - Downloaded https://repo.maven.apache.org/maven2/com/github/pagehelper/pagehelper/3.4.2-fix/pagehelper-3.4.2-fix.jar
2018-05-22 14:52:44,949 [Worker-12] INFO  o.e.m.c.i.embedder.EclipseLogger - Using 'UTF-8' encoding to copy filtered resources.
2018-05-22 14:52:44,949 [Worker-12] INFO  o.e.m.c.i.embedder.EclipseLogger - Copying 0 resource
2018-05-22 14:52:44,951 [Worker-12] INFO  o.e.m.c.i.embedder.EclipseLogger - Using 'UTF-8' encoding to copy filtered resources.
2018-05-22 14:52:44,952 [Worker-12] INFO  o.e.m.c.i.embedder.EclipseLogger - Copying 0 resource
2018-05-22 14:52:54,820 [Worker-20] INFO  o.e.m.i.launch.MavenLaunchDelegate - /Users/pro/Desktop/Java/JavaWorkspace/mall-manager/mall-manager-dao
2018-05-22 14:52:54,820 [Worker-20] INFO  o.e.m.i.launch.MavenLaunchDelegate -  mvn -B install
2018-05-22 14:53:28,937 [Worker-25] ERROR o.e.m.c.u.i.actions.OpenPomAction - Could not resolve artifact cn.e3mall:e3-manager-pojo:pom:0.0.1-SNAPSHOT
org.eclipse.core.runtime.CoreException: Could not resolve artifact cn.e3mall:e3-manager-pojo:pom:0.0.1-SNAPSHOT
	at org.eclipse.m2e.core.internal.embedder.MavenImpl$5.call(MavenImpl.java:776) ~[org.eclipse.m2e.core_1.7.0.20160603-1933.jar:na]
	at org.eclipse.m2e.core.internal.embedder.MavenImpl$5.call(MavenImpl.java:1) ~[org.eclipse.m2e.core_1.7.0.20160603-1933.jar:na]
	at org.eclipse.m2e.core.internal.embedder.MavenExecutionContext.executeBare(MavenExecutionContext.java:176) ~[org.eclipse.m2e.core_1.7.0.20160603-1933.jar:na]
	at org.eclipse.m2e.core.internal.embedder.MavenExecutionContext.execute(MavenExecutionContext.java:151) ~[org.eclipse.m2e.core_1.7.0.20160603-1933.jar:na]
	at org.eclipse.m2e.core.internal.embedder.MavenExecutionContext.execute(MavenExecutionContext.java:99) ~[org.eclipse.m2e.core_1.7.0.20160603-1933.jar:na]
	at org.eclipse.m2e.core.internal.embedder.MavenImpl.resolve(MavenImpl.java:743) ~[org.eclipse.m2e.core_1.7.0.20160603-1933.jar:na]
	at org.eclipse.m2e.core.internal.embedder.MavenImpl.resolve(MavenImpl.java:720) ~[org.eclipse.m2e.core_1.7.0.20160603-1933.jar:na]
	at org.eclipse.m2e.core.ui.internal.actions.OpenPomAction.openPomEditor(OpenPomAction.java:243) [org.eclipse.m2e.core.ui_1.7.0.20160603-1933.jar:na]
	at org.eclipse.m2e.core.ui.internal.actions.OpenPomAction.openEditor(OpenPomAction.java:218) [org.eclipse.m2e.core.ui_1.7.0.20160603-1933.jar:na]
	at org.eclipse.m2e.editor.xml.PomHyperlinkDetector$6$1.run(PomHyperlinkDetector.java:616) [org.eclipse.m2e.editor.xml_1.7.0.20160603-1933.jar:na]
	at org.eclipse.core.internal.jobs.Worker.run(Worker.java:55) [org.eclipse.core.jobs_3.8.0.v20160509-0411.jar:na]
2018-05-22 14:53:36,455 [Worker-20] WARN  o.e.m.c.i.embedder.EclipseLogger - The POM for com.github.pagehelper:pagehelper:jar:3.4.2-fix is missing, no dependency information available
2018-05-22 14:53:36,538 [Worker-19] INFO  o.e.m.c.i.l.LifecycleMappingFactory - Using org.eclipse.m2e.jdt.JarLifecycleMapping lifecycle mapping for MavenProject: com.arjun.mall:mall-manager-dao:0.0.1-SNAPSHOT @ /Users/pro/Desktop/Java/JavaWorkspace/mall-manager/mall-manager-dao/pom.xml.
2018-05-22 14:53:36,588 [Worker-19] WARN  o.e.m.c.i.embedder.EclipseLogger - The POM for com.github.pagehelper:pagehelper:jar:3.4.2-fix is missing, no dependency information available
2018-05-22 14:53:36,630 [Worker-19] INFO  o.e.m.c.i.embedder.EclipseLogger - Using 'UTF-8' encoding to copy filtered resources.
2018-05-22 14:53:36,630 [Worker-19] INFO  o.e.m.c.i.embedder.EclipseLogger - Copying 0 resource
2018-05-22 14:53:36,631 [Worker-19] INFO  o.e.m.c.i.embedder.EclipseLogger - Using 'UTF-8' encoding to copy filtered resources.
2018-05-22 14:53:36,631 [Worker-19] INFO  o.e.m.c.i.embedder.EclipseLogger - Copying 0 resource
2018-05-22 14:54:17,419 [Worker-12] INFO  o.e.m.c.i.l.LifecycleMappingFactory - Using org.eclipse.m2e.jdt.JarLifecycleMapping lifecycle mapping for MavenProject: com.arjun.mall:mall-manager-interface:0.0.1-SNAPSHOT @ /Users/pro/Desktop/Java/JavaWorkspace/mall-manager/mall-manager-interface/pom.xml.
2018-05-22 14:54:17,500 [Worker-12] INFO  o.e.m.j.i.AbstractJavaProjectConfigurator - Adding source folder /mall-manager-interface/src/main/java
2018-05-22 14:54:17,500 [Worker-12] INFO  o.e.m.j.i.AbstractJavaProjectConfigurator - Adding resource folder /mall-manager-interface/src/main/resources
2018-05-22 14:54:17,503 [Worker-12] INFO  o.e.m.j.i.AbstractJavaProjectConfigurator - Adding source folder /mall-manager-interface/src/test/java
2018-05-22 14:54:17,503 [Worker-12] INFO  o.e.m.j.i.AbstractJavaProjectConfigurator - Adding resource folder /mall-manager-interface/src/test/resources
2018-05-22 14:54:17,763 [Worker-22] INFO  o.e.m.c.i.embedder.EclipseLogger - Using 'UTF-8' encoding to copy filtered resources.
2018-05-22 14:54:17,764 [Worker-22] INFO  o.e.m.c.i.embedder.EclipseLogger - Copying 0 resource
2018-05-22 14:54:17,765 [Worker-22] INFO  o.e.m.c.i.embedder.EclipseLogger - Using 'UTF-8' encoding to copy filtered resources.
2018-05-22 14:54:17,765 [Worker-22] INFO  o.e.m.c.i.embedder.EclipseLogger - Copying 0 resource
2018-05-22 14:54:18,806 [Worker-25] INFO  o.e.m.c.i.l.LifecycleMappingFactory - Using NULL lifecycle mapping for MavenProject: com.arjun.mall:mall-manager:0.0.1-SNAPSHOT @ /Users/pro/Desktop/Java/JavaWorkspace/mall-manager/pom.xml.
2018-05-22 14:54:18,851 [Worker-25] INFO  o.e.m.c.i.l.LifecycleMappingFactory - Using org.eclipse.m2e.jdt.JarLifecycleMapping lifecycle mapping for MavenProject: com.arjun.mall:mall-manager-pojo:0.0.1-SNAPSHOT @ /Users/pro/Desktop/Java/JavaWorkspace/mall-manager/mall-manager-pojo/pom.xml.
2018-05-22 14:54:18,867 [Worker-25] INFO  o.e.m.c.i.l.LifecycleMappingFactory - Using org.eclipse.m2e.jdt.JarLifecycleMapping lifecycle mapping for MavenProject: com.arjun.mall:mall-manager-dao:0.0.1-SNAPSHOT @ /Users/pro/Desktop/Java/JavaWorkspace/mall-manager/mall-manager-dao/pom.xml.
2018-05-22 14:54:18,874 [Worker-25] WARN  o.e.m.c.i.embedder.EclipseLogger - The POM for com.github.pagehelper:pagehelper:jar:3.4.2-fix is missing, no dependency information available
2018-05-22 14:54:18,897 [Worker-25] INFO  o.e.m.c.i.l.LifecycleMappingFactory - Using org.eclipse.m2e.jdt.JarLifecycleMapping lifecycle mapping for MavenProject: com.arjun.mall:mall-manager-interface:0.0.1-SNAPSHOT @ /Users/pro/Desktop/Java/JavaWorkspace/mall-manager/mall-manager-interface/pom.xml.
2018-05-22 14:54:19,045 [Worker-25] INFO  o.e.m.c.i.embedder.EclipseLogger - Using 'UTF-8' encoding to copy filtered resources.
2018-05-22 14:54:19,045 [Worker-25] INFO  o.e.m.c.i.embedder.EclipseLogger - Copying 0 resource
2018-05-22 14:54:19,046 [Worker-25] INFO  o.e.m.c.i.embedder.EclipseLogger - Using 'UTF-8' encoding to copy filtered resources.
2018-05-22 14:54:19,046 [Worker-25] INFO  o.e.m.c.i.embedder.EclipseLogger - Copying 0 resource
2018-05-22 14:54:19,088 [Worker-25] WARN  o.e.m.c.i.embedder.EclipseLogger - The POM for com.github.pagehelper:pagehelper:jar:3.4.2-fix is missing, no dependency information available
2018-05-22 14:54:19,094 [Worker-25] INFO  o.e.m.c.i.embedder.EclipseLogger - Using 'UTF-8' encoding to copy filtered resources.
2018-05-22 14:54:19,094 [Worker-25] INFO  o.e.m.c.i.embedder.EclipseLogger - Copying 0 resource
2018-05-22 14:54:19,095 [Worker-25] INFO  o.e.m.c.i.embedder.EclipseLogger - Using 'UTF-8' encoding to copy filtered resources.
2018-05-22 14:54:19,095 [Worker-25] INFO  o.e.m.c.i.embedder.EclipseLogger - Copying 0 resource
2018-05-22 14:54:38,653 [Worker-12] INFO  o.e.m.c.i.l.LifecycleMappingFactory - Using org.eclipse.m2e.jdt.JarLifecycleMapping lifecycle mapping for MavenProject: com.arjun.mall:mall-manager-interface:0.0.1-SNAPSHOT @ /Users/pro/Desktop/Java/JavaWorkspace/mall-manager/mall-manager-interface/pom.xml.
2018-05-22 14:54:38,654 [Worker-12] WARN  o.e.m.c.i.embedder.EclipseLogger - The POM for cn.e3mall:e3-manager-pojo:jar:0.0.1-SNAPSHOT is missing, no dependency information available
2018-05-22 14:54:38,706 [Worker-12] INFO  o.e.m.c.i.embedder.EclipseLogger - Using 'UTF-8' encoding to copy filtered resources.
2018-05-22 14:54:38,706 [Worker-12] INFO  o.e.m.c.i.embedder.EclipseLogger - Copying 0 resource
2018-05-22 14:54:38,707 [Worker-12] INFO  o.e.m.c.i.embedder.EclipseLogger - Using 'UTF-8' encoding to copy filtered resources.
2018-05-22 14:54:38,707 [Worker-12] INFO  o.e.m.c.i.embedder.EclipseLogger - Copying 0 resource
2018-05-22 14:54:43,572 [Worker-22] WARN  o.e.m.c.i.embedder.EclipseLogger - The POM for cn.e3mall:e3-manager-pojo:jar:0.0.1-SNAPSHOT is missing, no dependency information available
2018-05-22 14:54:43,701 [Worker-26] INFO  o.e.m.c.i.l.LifecycleMappingFactory - Using org.eclipse.m2e.jdt.JarLifecycleMapping lifecycle mapping for MavenProject: com.arjun.mall:mall-manager-interface:0.0.1-SNAPSHOT @ /Users/pro/Desktop/Java/JavaWorkspace/mall-manager/mall-manager-interface/pom.xml.
2018-05-22 14:54:43,702 [Worker-26] WARN  o.e.m.c.i.embedder.EclipseLogger - The POM for cn.e3mall:e3-manager-pojo:jar:0.0.1-SNAPSHOT is missing, no dependency information available
2018-05-22 14:54:43,755 [Worker-26] INFO  o.e.m.c.i.embedder.EclipseLogger - Using 'UTF-8' encoding to copy filtered resources.
2018-05-22 14:54:43,756 [Worker-26] INFO  o.e.m.c.i.embedder.EclipseLogger - Copying 0 resource
2018-05-22 14:54:43,756 [Worker-26] INFO  o.e.m.c.i.embedder.EclipseLogger - Using 'UTF-8' encoding to copy filtered resources.
2018-05-22 14:54:43,756 [Worker-26] INFO  o.e.m.c.i.embedder.EclipseLogger - Copying 0 resource
2018-05-22 14:54:48,779 [Worker-26] WARN  o.e.m.c.i.embedder.EclipseLogger - The POM for com.arjun.mall:e3-manager-pojo:jar:0.0.1-SNAPSHOT is missing, no dependency information available
2018-05-22 14:54:48,891 [Worker-12] INFO  o.e.m.c.i.l.LifecycleMappingFactory - Using org.eclipse.m2e.jdt.JarLifecycleMapping lifecycle mapping for MavenProject: com.arjun.mall:mall-manager-interface:0.0.1-SNAPSHOT @ /Users/pro/Desktop/Java/JavaWorkspace/mall-manager/mall-manager-interface/pom.xml.
2018-05-22 14:54:48,892 [Worker-12] WARN  o.e.m.c.i.embedder.EclipseLogger - The POM for com.arjun.mall:e3-manager-pojo:jar:0.0.1-SNAPSHOT is missing, no dependency information available
2018-05-22 14:54:48,948 [Worker-12] INFO  o.e.m.c.i.embedder.EclipseLogger - Using 'UTF-8' encoding to copy filtered resources.
2018-05-22 14:54:48,948 [Worker-12] INFO  o.e.m.c.i.embedder.EclipseLogger - Copying 0 resource
2018-05-22 14:54:48,949 [Worker-12] INFO  o.e.m.c.i.embedder.EclipseLogger - Using 'UTF-8' encoding to copy filtered resources.
2018-05-22 14:54:48,949 [Worker-12] INFO  o.e.m.c.i.embedder.EclipseLogger - Copying 0 resource
2018-05-22 14:54:52,777 [Worker-20] INFO  o.e.m.c.i.l.LifecycleMappingFactory - Using org.eclipse.m2e.jdt.JarLifecycleMapping lifecycle mapping for MavenProject: com.arjun.mall:mall-manager-interface:0.0.1-SNAPSHOT @ /Users/pro/Desktop/Java/JavaWorkspace/mall-manager/mall-manager-interface/pom.xml.
2018-05-22 14:54:52,832 [Worker-20] INFO  o.e.m.c.i.embedder.EclipseLogger - Using 'UTF-8' encoding to copy filtered resources.
2018-05-22 14:54:52,833 [Worker-20] INFO  o.e.m.c.i.embedder.EclipseLogger - Copying 0 resource
2018-05-22 14:54:52,834 [Worker-20] INFO  o.e.m.c.i.embedder.EclipseLogger - Using 'UTF-8' encoding to copy filtered resources.
2018-05-22 14:54:52,834 [Worker-20] INFO  o.e.m.c.i.embedder.EclipseLogger - Copying 0 resource
2018-05-22 14:55:04,936 [Worker-23] INFO  o.e.m.i.launch.MavenLaunchDelegate - /Users/pro/Desktop/Java/JavaWorkspace/mall-manager/mall-manager-interface
2018-05-22 14:55:04,936 [Worker-23] INFO  o.e.m.i.launch.MavenLaunchDelegate -  mvn -B install
2018-05-22 14:55:32,358 [Worker-23] INFO  o.e.m.c.i.l.LifecycleMappingFactory - Using org.eclipse.m2e.jdt.JarLifecycleMapping lifecycle mapping for MavenProject: com.arjun.mall:mall-manager-dao:0.0.1-SNAPSHOT @ /Users/pro/Desktop/Java/JavaWorkspace/mall-manager/mall-manager-dao/pom.xml.
2018-05-22 14:55:32,456 [Worker-23] INFO  o.e.m.c.i.embedder.EclipseLogger - Using 'UTF-8' encoding to copy filtered resources.
2018-05-22 14:55:32,456 [Worker-23] INFO  o.e.m.c.i.embedder.EclipseLogger - Copying 0 resource
2018-05-22 14:55:32,457 [Worker-23] INFO  o.e.m.c.i.embedder.EclipseLogger - Using 'UTF-8' encoding to copy filtered resources.
2018-05-22 14:55:32,457 [Worker-23] INFO  o.e.m.c.i.embedder.EclipseLogger - Copying 0 resource
2018-05-22 14:55:42,770 [Worker-23] INFO  o.e.m.i.launch.MavenLaunchDelegate - /Users/pro/Desktop/Java/JavaWorkspace/mall-common
2018-05-22 14:55:42,770 [Worker-23] INFO  o.e.m.i.launch.MavenLaunchDelegate -  mvn -B install
2018-05-22 14:55:44,942 [Worker-23] INFO  o.e.m.c.i.embedder.EclipseLogger - Using 'UTF-8' encoding to copy filtered resources.
2018-05-22 14:55:44,942 [Worker-23] INFO  o.e.m.c.i.embedder.EclipseLogger - Copying 0 resource
2018-05-22 14:55:44,942 [Worker-23] INFO  o.e.m.c.i.embedder.EclipseLogger - Using 'UTF-8' encoding to copy filtered resources.
2018-05-22 14:55:44,943 [Worker-23] INFO  o.e.m.c.i.embedder.EclipseLogger - Copying 0 resource
2018-05-22 14:55:52,774 [Worker-23] INFO  o.e.m.i.launch.MavenLaunchDelegate - /Users/pro/Desktop/Java/JavaWorkspace/mall-manager
2018-05-22 14:55:52,774 [Worker-23] INFO  o.e.m.i.launch.MavenLaunchDelegate -  mvn -B install
2018-05-22 14:55:55,144 [Worker-22] INFO  o.e.m.c.i.embedder.EclipseLogger - Using 'UTF-8' encoding to copy filtered resources.
2018-05-22 14:55:55,145 [Worker-22] INFO  o.e.m.c.i.embedder.EclipseLogger - Copying 0 resource
2018-05-22 14:55:55,145 [Worker-22] INFO  o.e.m.c.i.embedder.EclipseLogger - Using 'UTF-8' encoding to copy filtered resources.
2018-05-22 14:55:55,145 [Worker-22] INFO  o.e.m.c.i.embedder.EclipseLogger - Copying 0 resource
2018-05-22 14:55:55,189 [Worker-22] INFO  o.e.m.c.i.embedder.EclipseLogger - Using 'UTF-8' encoding to copy filtered resources.
2018-05-22 14:55:55,189 [Worker-22] INFO  o.e.m.c.i.embedder.EclipseLogger - Copying 0 resource
2018-05-22 14:55:55,190 [Worker-22] INFO  o.e.m.c.i.embedder.EclipseLogger - Using 'UTF-8' encoding to copy filtered resources.
2018-05-22 14:55:55,190 [Worker-22] INFO  o.e.m.c.i.embedder.EclipseLogger - Copying 0 resource
2018-05-22 14:55:55,247 [Worker-22] INFO  o.e.m.c.i.embedder.EclipseLogger - Using 'UTF-8' encoding to copy filtered resources.
2018-05-22 14:55:55,247 [Worker-22] INFO  o.e.m.c.i.embedder.EclipseLogger - Copying 0 resource
2018-05-22 14:55:55,247 [Worker-22] INFO  o.e.m.c.i.embedder.EclipseLogger - Using 'UTF-8' encoding to copy filtered resources.
2018-05-22 14:55:55,248 [Worker-22] INFO  o.e.m.c.i.embedder.EclipseLogger - Copying 0 resource
2018-05-22 14:55:59,313 [Worker-25] INFO  o.e.m.i.launch.MavenLaunchDelegate - /Users/pro/Desktop/Java/JavaWorkspace/mall-manager/mall-manager-dao
2018-05-22 14:55:59,314 [Worker-25] INFO  o.e.m.i.launch.MavenLaunchDelegate -  mvn -B install
2018-05-22 14:56:01,615 [Worker-24] INFO  o.e.m.c.i.embedder.EclipseLogger - Using 'UTF-8' encoding to copy filtered resources.
2018-05-22 14:56:01,615 [Worker-24] INFO  o.e.m.c.i.embedder.EclipseLogger - Copying 0 resource
2018-05-22 14:56:01,616 [Worker-24] INFO  o.e.m.c.i.embedder.EclipseLogger - Using 'UTF-8' encoding to copy filtered resources.
2018-05-22 14:56:01,616 [Worker-24] INFO  o.e.m.c.i.embedder.EclipseLogger - Copying 0 resource
2018-05-22 14:56:51,726 [Worker-20] INFO  o.e.m.c.i.l.LifecycleMappingFactory - Using org.eclipse.m2e.jdt.JarLifecycleMapping lifecycle mapping for MavenProject: com.arjun.mall:mall-manager-dao:0.0.1-SNAPSHOT @ /Users/pro/Desktop/Java/JavaWorkspace/mall-manager/mall-manager-dao/pom.xml.
2018-05-22 14:56:51,760 [Worker-20] WARN  o.e.m.c.i.embedder.EclipseLogger - The POM for com.github.pagehelper:pagehelper:jar:3.4.2-fix is missing, no dependency information available
2018-05-22 14:56:51,791 [Worker-20] INFO  o.e.m.c.i.embedder.EclipseLogger - Using 'UTF-8' encoding to copy filtered resources.
2018-05-22 14:56:51,791 [Worker-20] INFO  o.e.m.c.i.embedder.EclipseLogger - Copying 0 resource
2018-05-22 14:56:51,792 [Worker-20] INFO  o.e.m.c.i.embedder.EclipseLogger - Using 'UTF-8' encoding to copy filtered resources.
2018-05-22 14:56:51,792 [Worker-20] INFO  o.e.m.c.i.embedder.EclipseLogger - Copying 0 resource
2018-05-22 14:56:59,250 [Worker-23] INFO  o.e.m.i.launch.MavenLaunchDelegate - /Users/pro/Desktop/Java/JavaWorkspace/mall-manager/mall-manager-dao
2018-05-22 14:56:59,250 [Worker-23] INFO  o.e.m.i.launch.MavenLaunchDelegate -  mvn -B install
2018-05-22 14:58:05,170 [Worker-23] INFO  o.e.m.c.i.l.LifecycleMappingFactory - Using org.eclipse.m2e.jdt.JarLifecycleMapping lifecycle mapping for MavenProject: com.arjun.mall:mall-manager-service:0.0.1-SNAPSHOT @ /Users/pro/Desktop/Java/JavaWorkspace/mall-manager/mall-manager-service/pom.xml.
2018-05-22 14:58:05,225 [Worker-23] INFO  o.e.m.j.i.AbstractJavaProjectConfigurator - Adding source folder /mall-manager-service/src/main/java
2018-05-22 14:58:05,225 [Worker-23] INFO  o.e.m.j.i.AbstractJavaProjectConfigurator - Adding resource folder /mall-manager-service/src/main/resources
2018-05-22 14:58:05,228 [Worker-23] INFO  o.e.m.j.i.AbstractJavaProjectConfigurator - Adding source folder /mall-manager-service/src/test/java
2018-05-22 14:58:05,228 [Worker-23] INFO  o.e.m.j.i.AbstractJavaProjectConfigurator - Adding resource folder /mall-manager-service/src/test/resources
2018-05-22 14:58:05,459 [Worker-26] INFO  o.e.m.c.i.embedder.EclipseLogger - Using 'UTF-8' encoding to copy filtered resources.
2018-05-22 14:58:05,460 [Worker-26] INFO  o.e.m.c.i.embedder.EclipseLogger - Copying 0 resource
2018-05-22 14:58:05,461 [Worker-26] INFO  o.e.m.c.i.embedder.EclipseLogger - Using 'UTF-8' encoding to copy filtered resources.
2018-05-22 14:58:05,461 [Worker-26] INFO  o.e.m.c.i.embedder.EclipseLogger - Copying 0 resource
2018-05-22 14:58:06,507 [Worker-12] INFO  o.e.m.c.i.l.LifecycleMappingFactory - Using NULL lifecycle mapping for MavenProject: com.arjun.mall:mall-manager:0.0.1-SNAPSHOT @ /Users/pro/Desktop/Java/JavaWorkspace/mall-manager/pom.xml.
2018-05-22 14:58:06,545 [Worker-12] INFO  o.e.m.c.i.l.LifecycleMappingFactory - Using org.eclipse.m2e.jdt.JarLifecycleMapping lifecycle mapping for MavenProject: com.arjun.mall:mall-manager-pojo:0.0.1-SNAPSHOT @ /Users/pro/Desktop/Java/JavaWorkspace/mall-manager/mall-manager-pojo/pom.xml.
2018-05-22 14:58:06,559 [Worker-12] INFO  o.e.m.c.i.l.LifecycleMappingFactory - Using org.eclipse.m2e.jdt.JarLifecycleMapping lifecycle mapping for MavenProject: com.arjun.mall:mall-manager-interface:0.0.1-SNAPSHOT @ /Users/pro/Desktop/Java/JavaWorkspace/mall-manager/mall-manager-interface/pom.xml.
2018-05-22 14:58:06,575 [Worker-12] INFO  o.e.m.c.i.l.LifecycleMappingFactory - Using org.eclipse.m2e.jdt.JarLifecycleMapping lifecycle mapping for MavenProject: com.arjun.mall:mall-manager-dao:0.0.1-SNAPSHOT @ /Users/pro/Desktop/Java/JavaWorkspace/mall-manager/mall-manager-dao/pom.xml.
2018-05-22 14:58:06,582 [Worker-12] WARN  o.e.m.c.i.embedder.EclipseLogger - The POM for com.github.pagehelper:pagehelper:jar:3.4.2-fix is missing, no dependency information available
2018-05-22 14:58:06,598 [Worker-12] INFO  o.e.m.c.i.l.LifecycleMappingFactory - Using org.eclipse.m2e.jdt.JarLifecycleMapping lifecycle mapping for MavenProject: com.arjun.mall:mall-manager-service:0.0.1-SNAPSHOT @ /Users/pro/Desktop/Java/JavaWorkspace/mall-manager/mall-manager-service/pom.xml.
2018-05-22 14:58:06,762 [Worker-12] INFO  o.e.m.c.i.embedder.EclipseLogger - Using 'UTF-8' encoding to copy filtered resources.
2018-05-22 14:58:06,762 [Worker-12] INFO  o.e.m.c.i.embedder.EclipseLogger - Copying 0 resource
2018-05-22 14:58:06,763 [Worker-12] INFO  o.e.m.c.i.embedder.EclipseLogger - Using 'UTF-8' encoding to copy filtered resources.
2018-05-22 14:58:06,763 [Worker-12] INFO  o.e.m.c.i.embedder.EclipseLogger - Copying 0 resource
2018-05-22 14:58:06,808 [Worker-12] WARN  o.e.m.c.i.embedder.EclipseLogger - The POM for com.github.pagehelper:pagehelper:jar:3.4.2-fix is missing, no dependency information available
2018-05-22 14:58:06,813 [Worker-12] INFO  o.e.m.c.i.embedder.EclipseLogger - Using 'UTF-8' encoding to copy filtered resources.
2018-05-22 14:58:06,813 [Worker-12] INFO  o.e.m.c.i.embedder.EclipseLogger - Copying 0 resource
2018-05-22 14:58:06,814 [Worker-12] INFO  o.e.m.c.i.embedder.EclipseLogger - Using 'UTF-8' encoding to copy filtered resources.
2018-05-22 14:58:06,814 [Worker-12] INFO  o.e.m.c.i.embedder.EclipseLogger - Copying 0 resource
2018-05-22 14:58:06,853 [Worker-12] INFO  o.e.m.c.i.embedder.EclipseLogger - Using 'UTF-8' encoding to copy filtered resources.
2018-05-22 14:58:06,854 [Worker-12] INFO  o.e.m.c.i.embedder.EclipseLogger - Copying 0 resource
2018-05-22 14:58:06,854 [Worker-12] INFO  o.e.m.c.i.embedder.EclipseLogger - Using 'UTF-8' encoding to copy filtered resources.
2018-05-22 14:58:06,854 [Worker-12] INFO  o.e.m.c.i.embedder.EclipseLogger - Copying 0 resource
2018-05-22 14:58:25,609 [Worker-22] INFO  o.e.m.c.i.l.LifecycleMappingFactory - Using org.eclipse.m2e.jdt.JarLifecycleMapping lifecycle mapping for MavenProject: com.arjun.mall:mall-manager-service:0.0.1-SNAPSHOT @ /Users/pro/Desktop/Java/JavaWorkspace/mall-manager/mall-manager-service/pom.xml.
2018-05-22 14:58:25,610 [Worker-22] WARN  o.e.m.c.i.embedder.EclipseLogger - The POM for cn.e3mall:e3-manager-dao:jar:0.0.1-SNAPSHOT is missing, no dependency information available
2018-05-22 14:58:25,611 [Worker-22] WARN  o.e.m.c.i.embedder.EclipseLogger - The POM for cn.e3mall:e3-manager-interface:jar:0.0.1-SNAPSHOT is missing, no dependency information available
2018-05-22 14:58:25,702 [Worker-22] INFO  o.e.m.c.i.embedder.EclipseLogger - Using 'UTF-8' encoding to copy filtered resources.
2018-05-22 14:58:25,702 [Worker-22] INFO  o.e.m.c.i.embedder.EclipseLogger - Copying 0 resource
2018-05-22 14:58:25,703 [Worker-22] INFO  o.e.m.c.i.embedder.EclipseLogger - Using 'UTF-8' encoding to copy filtered resources.
2018-05-22 14:58:25,703 [Worker-22] INFO  o.e.m.c.i.embedder.EclipseLogger - Copying 0 resource
2018-05-22 14:58:34,219 [Worker-24] ERROR o.e.m.c.u.i.actions.OpenPomAction - Could not resolve artifact cn.e3mall:e3-manager-dao:pom:0.0.1-SNAPSHOT
org.eclipse.core.runtime.CoreException: Could not resolve artifact cn.e3mall:e3-manager-dao:pom:0.0.1-SNAPSHOT
	at org.eclipse.m2e.core.internal.embedder.MavenImpl$5.call(MavenImpl.java:776) ~[org.eclipse.m2e.core_1.7.0.20160603-1933.jar:na]
	at org.eclipse.m2e.core.internal.embedder.MavenImpl$5.call(MavenImpl.java:1) ~[org.eclipse.m2e.core_1.7.0.20160603-1933.jar:na]
	at org.eclipse.m2e.core.internal.embedder.MavenExecutionContext.executeBare(MavenExecutionContext.java:176) ~[org.eclipse.m2e.core_1.7.0.20160603-1933.jar:na]
	at org.eclipse.m2e.core.internal.embedder.MavenExecutionContext.execute(MavenExecutionContext.java:151) ~[org.eclipse.m2e.core_1.7.0.20160603-1933.jar:na]
	at org.eclipse.m2e.core.internal.embedder.MavenExecutionContext.execute(MavenExecutionContext.java:99) ~[org.eclipse.m2e.core_1.7.0.20160603-1933.jar:na]
	at org.eclipse.m2e.core.internal.embedder.MavenImpl.resolve(MavenImpl.java:743) ~[org.eclipse.m2e.core_1.7.0.20160603-1933.jar:na]
	at org.eclipse.m2e.core.internal.embedder.MavenImpl.resolve(MavenImpl.java:720) ~[org.eclipse.m2e.core_1.7.0.20160603-1933.jar:na]
	at org.eclipse.m2e.core.ui.internal.actions.OpenPomAction.openPomEditor(OpenPomAction.java:243) [org.eclipse.m2e.core.ui_1.7.0.20160603-1933.jar:na]
	at org.eclipse.m2e.core.ui.internal.actions.OpenPomAction.openEditor(OpenPomAction.java:218) [org.eclipse.m2e.core.ui_1.7.0.20160603-1933.jar:na]
	at org.eclipse.m2e.editor.xml.PomHyperlinkDetector$6$1.run(PomHyperlinkDetector.java:616) [org.eclipse.m2e.editor.xml_1.7.0.20160603-1933.jar:na]
	at org.eclipse.core.internal.jobs.Worker.run(Worker.java:55) [org.eclipse.core.jobs_3.8.0.v20160509-0411.jar:na]
2018-05-22 14:58:37,747 [Worker-22] WARN  o.e.m.c.i.embedder.EclipseLogger - The POM for com.arjun.mall:e3-manager-dao:jar:0.0.1-SNAPSHOT is missing, no dependency information available
2018-05-22 14:58:37,747 [Worker-22] WARN  o.e.m.c.i.embedder.EclipseLogger - The POM for cn.e3mall:e3-manager-interface:jar:0.0.1-SNAPSHOT is missing, no dependency information available
2018-05-22 14:58:37,838 [Worker-20] INFO  o.e.m.c.i.l.LifecycleMappingFactory - Using org.eclipse.m2e.jdt.JarLifecycleMapping lifecycle mapping for MavenProject: com.arjun.mall:mall-manager-service:0.0.1-SNAPSHOT @ /Users/pro/Desktop/Java/JavaWorkspace/mall-manager/mall-manager-service/pom.xml.
2018-05-22 14:58:37,838 [Worker-20] WARN  o.e.m.c.i.embedder.EclipseLogger - The POM for com.arjun.mall:e3-manager-dao:jar:0.0.1-SNAPSHOT is missing, no dependency information available
2018-05-22 14:58:37,839 [Worker-20] WARN  o.e.m.c.i.embedder.EclipseLogger - The POM for cn.e3mall:e3-manager-interface:jar:0.0.1-SNAPSHOT is missing, no dependency information available
2018-05-22 14:58:37,911 [Worker-20] INFO  o.e.m.c.i.embedder.EclipseLogger - Using 'UTF-8' encoding to copy filtered resources.
2018-05-22 14:58:37,912 [Worker-20] INFO  o.e.m.c.i.embedder.EclipseLogger - Copying 0 resource
2018-05-22 14:58:37,912 [Worker-20] INFO  o.e.m.c.i.embedder.EclipseLogger - Using 'UTF-8' encoding to copy filtered resources.
2018-05-22 14:58:37,912 [Worker-20] INFO  o.e.m.c.i.embedder.EclipseLogger - Copying 0 resource
2018-05-22 14:58:40,630 [Worker-20] WARN  o.e.m.c.i.embedder.EclipseLogger - The POM for com.github.pagehelper:pagehelper:jar:3.4.2-fix is missing, no dependency information available
2018-05-22 14:58:40,632 [Worker-20] WARN  o.e.m.c.i.embedder.EclipseLogger - The POM for cn.e3mall:e3-manager-interface:jar:0.0.1-SNAPSHOT is missing, no dependency information available
2018-05-22 14:58:40,732 [Worker-19] INFO  o.e.m.c.i.l.LifecycleMappingFactory - Using org.eclipse.m2e.jdt.JarLifecycleMapping lifecycle mapping for MavenProject: com.arjun.mall:mall-manager-service:0.0.1-SNAPSHOT @ /Users/pro/Desktop/Java/JavaWorkspace/mall-manager/mall-manager-service/pom.xml.
2018-05-22 14:58:40,791 [Worker-19] WARN  o.e.m.c.i.embedder.EclipseLogger - The POM for com.github.pagehelper:pagehelper:jar:3.4.2-fix is missing, no dependency information available
2018-05-22 14:58:40,793 [Worker-19] WARN  o.e.m.c.i.embedder.EclipseLogger - The POM for cn.e3mall:e3-manager-interface:jar:0.0.1-SNAPSHOT is missing, no dependency information available
2018-05-22 14:58:40,838 [Worker-19] INFO  o.e.m.c.i.embedder.EclipseLogger - Using 'UTF-8' encoding to copy filtered resources.
2018-05-22 14:58:40,838 [Worker-19] INFO  o.e.m.c.i.embedder.EclipseLogger - Copying 0 resource
2018-05-22 14:58:40,838 [Worker-19] INFO  o.e.m.c.i.embedder.EclipseLogger - Using 'UTF-8' encoding to copy filtered resources.
2018-05-22 14:58:40,838 [Worker-19] INFO  o.e.m.c.i.embedder.EclipseLogger - Copying 0 resource
2018-05-22 14:58:44,242 [Worker-24] WARN  o.e.m.c.i.embedder.EclipseLogger - The POM for com.github.pagehelper:pagehelper:jar:3.4.2-fix is missing, no dependency information available
2018-05-22 14:58:44,244 [Worker-24] WARN  o.e.m.c.i.embedder.EclipseLogger - The POM for com.arjun.mall:e3-manager-interface:jar:0.0.1-SNAPSHOT is missing, no dependency information available
2018-05-22 14:58:44,373 [Worker-24] INFO  o.e.m.c.i.l.LifecycleMappingFactory - Using org.eclipse.m2e.jdt.JarLifecycleMapping lifecycle mapping for MavenProject: com.arjun.mall:mall-manager-service:0.0.1-SNAPSHOT @ /Users/pro/Desktop/Java/JavaWorkspace/mall-manager/mall-manager-service/pom.xml.
2018-05-22 14:58:44,408 [Worker-24] WARN  o.e.m.c.i.embedder.EclipseLogger - The POM for com.github.pagehelper:pagehelper:jar:3.4.2-fix is missing, no dependency information available
2018-05-22 14:58:44,410 [Worker-24] WARN  o.e.m.c.i.embedder.EclipseLogger - The POM for com.arjun.mall:e3-manager-interface:jar:0.0.1-SNAPSHOT is missing, no dependency information available
2018-05-22 14:58:44,462 [Worker-24] INFO  o.e.m.c.i.embedder.EclipseLogger - Using 'UTF-8' encoding to copy filtered resources.
2018-05-22 14:58:44,462 [Worker-24] INFO  o.e.m.c.i.embedder.EclipseLogger - Copying 0 resource
2018-05-22 14:58:44,463 [Worker-24] INFO  o.e.m.c.i.embedder.EclipseLogger - Using 'UTF-8' encoding to copy filtered resources.
2018-05-22 14:58:44,464 [Worker-24] INFO  o.e.m.c.i.embedder.EclipseLogger - Copying 0 resource
2018-05-22 14:58:46,725 [Worker-12] WARN  o.e.m.c.i.embedder.EclipseLogger - The POM for com.github.pagehelper:pagehelper:jar:3.4.2-fix is missing, no dependency information available
2018-05-22 14:58:46,808 [Worker-12] INFO  o.e.m.c.i.l.LifecycleMappingFactory - Using org.eclipse.m2e.jdt.JarLifecycleMapping lifecycle mapping for MavenProject: com.arjun.mall:mall-manager-service:0.0.1-SNAPSHOT @ /Users/pro/Desktop/Java/JavaWorkspace/mall-manager/mall-manager-service/pom.xml.
2018-05-22 14:58:46,839 [Worker-12] WARN  o.e.m.c.i.embedder.EclipseLogger - The POM for com.github.pagehelper:pagehelper:jar:3.4.2-fix is missing, no dependency information available
2018-05-22 14:58:46,889 [Worker-12] INFO  o.e.m.c.i.embedder.EclipseLogger - Using 'UTF-8' encoding to copy filtered resources.
2018-05-22 14:58:46,889 [Worker-12] INFO  o.e.m.c.i.embedder.EclipseLogger - Copying 0 resource
2018-05-22 14:58:46,890 [Worker-12] INFO  o.e.m.c.i.embedder.EclipseLogger - Using 'UTF-8' encoding to copy filtered resources.
2018-05-22 14:58:46,890 [Worker-12] INFO  o.e.m.c.i.embedder.EclipseLogger - Copying 0 resource
2018-05-22 14:59:14,221 [Worker-26] INFO  o.e.m.c.i.l.LifecycleMappingFactory - Using org.eclipse.m2e.jdt.JarLifecycleMapping lifecycle mapping for MavenProject: com.arjun.mall:mall-manager-web:0.0.1-SNAPSHOT @ /Users/pro/Desktop/Java/JavaWorkspace/mall-manager/mall-manager-web/pom.xml.
2018-05-22 14:59:14,274 [Worker-26] INFO  o.e.m.j.i.AbstractJavaProjectConfigurator - Adding source folder /mall-manager-web/src/main/java
2018-05-22 14:59:14,274 [Worker-26] INFO  o.e.m.j.i.AbstractJavaProjectConfigurator - Adding resource folder /mall-manager-web/src/main/resources
2018-05-22 14:59:14,277 [Worker-26] INFO  o.e.m.j.i.AbstractJavaProjectConfigurator - Adding source folder /mall-manager-web/src/test/java
2018-05-22 14:59:14,277 [Worker-26] INFO  o.e.m.j.i.AbstractJavaProjectConfigurator - Adding resource folder /mall-manager-web/src/test/resources
2018-05-22 14:59:14,518 [Worker-25] INFO  o.e.m.c.i.embedder.EclipseLogger - Using 'UTF-8' encoding to copy filtered resources.
2018-05-22 14:59:14,518 [Worker-25] INFO  o.e.m.c.i.embedder.EclipseLogger - Copying 0 resource
2018-05-22 14:59:14,519 [Worker-25] INFO  o.e.m.c.i.embedder.EclipseLogger - Using 'UTF-8' encoding to copy filtered resources.
2018-05-22 14:59:14,519 [Worker-25] INFO  o.e.m.c.i.embedder.EclipseLogger - Copying 0 resource
2018-05-22 14:59:15,569 [Worker-22] INFO  o.e.m.c.i.l.LifecycleMappingFactory - Using NULL lifecycle mapping for MavenProject: com.arjun.mall:mall-manager:0.0.1-SNAPSHOT @ /Users/pro/Desktop/Java/JavaWorkspace/mall-manager/pom.xml.
2018-05-22 14:59:15,607 [Worker-22] INFO  o.e.m.c.i.l.LifecycleMappingFactory - Using org.eclipse.m2e.jdt.JarLifecycleMapping lifecycle mapping for MavenProject: com.arjun.mall:mall-manager-interface:0.0.1-SNAPSHOT @ /Users/pro/Desktop/Java/JavaWorkspace/mall-manager/mall-manager-interface/pom.xml.
2018-05-22 14:59:15,620 [Worker-22] INFO  o.e.m.c.i.l.LifecycleMappingFactory - Using org.eclipse.m2e.jdt.JarLifecycleMapping lifecycle mapping for MavenProject: com.arjun.mall:mall-manager-dao:0.0.1-SNAPSHOT @ /Users/pro/Desktop/Java/JavaWorkspace/mall-manager/mall-manager-dao/pom.xml.
2018-05-22 14:59:15,626 [Worker-22] WARN  o.e.m.c.i.embedder.EclipseLogger - The POM for com.github.pagehelper:pagehelper:jar:3.4.2-fix is missing, no dependency information available
2018-05-22 14:59:15,640 [Worker-22] INFO  o.e.m.c.i.l.LifecycleMappingFactory - Using org.eclipse.m2e.jdt.JarLifecycleMapping lifecycle mapping for MavenProject: com.arjun.mall:mall-manager-pojo:0.0.1-SNAPSHOT @ /Users/pro/Desktop/Java/JavaWorkspace/mall-manager/mall-manager-pojo/pom.xml.
2018-05-22 14:59:15,654 [Worker-22] INFO  o.e.m.c.i.l.LifecycleMappingFactory - Using org.eclipse.m2e.jdt.JarLifecycleMapping lifecycle mapping for MavenProject: com.arjun.mall:mall-manager-service:0.0.1-SNAPSHOT @ /Users/pro/Desktop/Java/JavaWorkspace/mall-manager/mall-manager-service/pom.xml.
2018-05-22 14:59:15,681 [Worker-22] INFO  o.e.m.c.i.l.LifecycleMappingFactory - Using org.eclipse.m2e.jdt.JarLifecycleMapping lifecycle mapping for MavenProject: com.arjun.mall:mall-manager-web:0.0.1-SNAPSHOT @ /Users/pro/Desktop/Java/JavaWorkspace/mall-manager/mall-manager-web/pom.xml.
2018-05-22 14:59:15,825 [Worker-22] INFO  o.e.m.c.i.embedder.EclipseLogger - Using 'UTF-8' encoding to copy filtered resources.
2018-05-22 14:59:15,826 [Worker-22] INFO  o.e.m.c.i.embedder.EclipseLogger - Copying 0 resource
2018-05-22 14:59:15,826 [Worker-22] INFO  o.e.m.c.i.embedder.EclipseLogger - Using 'UTF-8' encoding to copy filtered resources.
2018-05-22 14:59:15,826 [Worker-22] INFO  o.e.m.c.i.embedder.EclipseLogger - Copying 0 resource
2018-05-22 14:59:15,864 [Worker-22] WARN  o.e.m.c.i.embedder.EclipseLogger - The POM for com.github.pagehelper:pagehelper:jar:3.4.2-fix is missing, no dependency information available
2018-05-22 14:59:15,869 [Worker-22] INFO  o.e.m.c.i.embedder.EclipseLogger - Using 'UTF-8' encoding to copy filtered resources.
2018-05-22 14:59:15,869 [Worker-22] INFO  o.e.m.c.i.embedder.EclipseLogger - Copying 0 resource
2018-05-22 14:59:15,870 [Worker-22] INFO  o.e.m.c.i.embedder.EclipseLogger - Using 'UTF-8' encoding to copy filtered resources.
2018-05-22 14:59:15,870 [Worker-22] INFO  o.e.m.c.i.embedder.EclipseLogger - Copying 0 resource
2018-05-22 14:59:15,910 [Worker-22] WARN  o.e.m.c.i.embedder.EclipseLogger - The POM for com.github.pagehelper:pagehelper:jar:3.4.2-fix is missing, no dependency information available
2018-05-22 14:59:15,947 [Worker-22] INFO  o.e.m.c.i.embedder.EclipseLogger - Using 'UTF-8' encoding to copy filtered resources.
2018-05-22 14:59:15,947 [Worker-22] INFO  o.e.m.c.i.embedder.EclipseLogger - Copying 0 resource
2018-05-22 14:59:15,948 [Worker-22] INFO  o.e.m.c.i.embedder.EclipseLogger - Using 'UTF-8' encoding to copy filtered resources.
2018-05-22 14:59:15,948 [Worker-22] INFO  o.e.m.c.i.embedder.EclipseLogger - Copying 0 resource
2018-05-22 14:59:15,991 [Worker-22] INFO  o.e.m.c.i.embedder.EclipseLogger - Using 'UTF-8' encoding to copy filtered resources.
2018-05-22 14:59:15,992 [Worker-22] INFO  o.e.m.c.i.embedder.EclipseLogger - Copying 0 resource
2018-05-22 14:59:15,992 [Worker-22] INFO  o.e.m.c.i.embedder.EclipseLogger - Using 'UTF-8' encoding to copy filtered resources.
2018-05-22 14:59:15,992 [Worker-22] INFO  o.e.m.c.i.embedder.EclipseLogger - Copying 0 resource
2018-05-22 14:59:52,222 [Worker-26] INFO  o.e.m.c.i.l.LifecycleMappingFactory - Using org.maven.ide.eclipse.wtp.WarLifecycleMapping lifecycle mapping for MavenProject: com.arjun.mall:mall-manager-web:0.0.1-SNAPSHOT @ /Users/pro/Desktop/Java/JavaWorkspace/mall-manager/mall-manager-web/pom.xml.
2018-05-22 14:59:52,565 [Worker-26] INFO  o.e.m.c.i.embedder.EclipseLogger - Using 'UTF-8' encoding to copy filtered resources.
2018-05-22 14:59:52,565 [Worker-26] INFO  o.e.m.c.i.embedder.EclipseLogger - Copying 0 resource
2018-05-22 14:59:52,565 [Worker-26] INFO  o.e.m.c.i.embedder.EclipseLogger - Using 'UTF-8' encoding to copy filtered resources.
2018-05-22 14:59:52,565 [Worker-26] INFO  o.e.m.c.i.embedder.EclipseLogger - Copying 0 resource
2018-05-22 14:59:52,568 [Worker-26] INFO  o.e.m.w.i.f.ResourceFilteringBuildParticipant - Changed resources require a complete clean of filtered resources of mall-manager-web
2018-05-22 14:59:52,569 [Worker-26] INFO  o.e.m.w.i.f.ResourceFilteringBuildParticipant - Executing resource filtering for mall-manager-web
2018-05-22 14:59:52,574 [Worker-26] INFO  o.e.m.c.i.embedder.EclipseLogger - Using 'UTF-8' encoding to copy filtered resources.
2018-05-22 15:00:01,210 [Worker-20] WARN  o.e.m.c.i.embedder.EclipseLogger - The POM for cn.e3mall:e3-manager-service:jar:0.0.1-SNAPSHOT is missing, no dependency information available
2018-05-22 15:00:01,302 [Worker-20] INFO  o.e.m.c.i.l.LifecycleMappingFactory - Using org.maven.ide.eclipse.wtp.WarLifecycleMapping lifecycle mapping for MavenProject: com.arjun.mall:mall-manager-web:0.0.1-SNAPSHOT @ /Users/pro/Desktop/Java/JavaWorkspace/mall-manager/mall-manager-web/pom.xml.
2018-05-22 15:00:01,302 [Worker-20] WARN  o.e.m.c.i.embedder.EclipseLogger - The POM for cn.e3mall:e3-manager-service:jar:0.0.1-SNAPSHOT is missing, no dependency information available
2018-05-22 15:00:01,557 [Worker-20] INFO  o.e.m.c.i.embedder.EclipseLogger - Using 'UTF-8' encoding to copy filtered resources.
2018-05-22 15:00:01,557 [Worker-20] INFO  o.e.m.c.i.embedder.EclipseLogger - Copying 0 resource
2018-05-22 15:00:01,558 [Worker-20] INFO  o.e.m.c.i.embedder.EclipseLogger - Using 'UTF-8' encoding to copy filtered resources.
2018-05-22 15:00:01,558 [Worker-20] INFO  o.e.m.c.i.embedder.EclipseLogger - Copying 0 resource
2018-05-22 15:00:01,558 [Worker-20] INFO  o.e.m.w.i.f.ResourceFilteringBuildParticipant - Changed resources require a complete clean of filtered resources of mall-manager-web
2018-05-22 15:00:01,558 [Worker-20] INFO  o.e.m.w.i.f.ResourceFilteringBuildParticipant - Executing resource filtering for mall-manager-web
2018-05-22 15:00:01,561 [Worker-20] INFO  o.e.m.c.i.embedder.EclipseLogger - Using 'UTF-8' encoding to copy filtered resources.
2018-05-22 15:00:11,283 [Worker-20] WARN  o.e.m.c.i.embedder.EclipseLogger - The POM for com.arjun.mall:e3-manager-service:jar:0.0.1-SNAPSHOT is missing, no dependency information available
2018-05-22 15:00:11,411 [Worker-22] INFO  o.e.m.c.i.l.LifecycleMappingFactory - Using org.maven.ide.eclipse.wtp.WarLifecycleMapping lifecycle mapping for MavenProject: com.arjun.mall:mall-manager-web:0.0.1-SNAPSHOT @ /Users/pro/Desktop/Java/JavaWorkspace/mall-manager/mall-manager-web/pom.xml.
2018-05-22 15:00:11,411 [Worker-22] WARN  o.e.m.c.i.embedder.EclipseLogger - The POM for com.arjun.mall:e3-manager-service:jar:0.0.1-SNAPSHOT is missing, no dependency information available
2018-05-22 15:00:11,672 [Worker-22] INFO  o.e.m.c.i.embedder.EclipseLogger - Using 'UTF-8' encoding to copy filtered resources.
2018-05-22 15:00:11,672 [Worker-22] INFO  o.e.m.c.i.embedder.EclipseLogger - Copying 0 resource
2018-05-22 15:00:11,672 [Worker-22] INFO  o.e.m.c.i.embedder.EclipseLogger - Using 'UTF-8' encoding to copy filtered resources.
2018-05-22 15:00:11,672 [Worker-22] INFO  o.e.m.c.i.embedder.EclipseLogger - Copying 0 resource
2018-05-22 15:00:11,673 [Worker-22] INFO  o.e.m.w.i.f.ResourceFilteringBuildParticipant - Changed resources require a complete clean of filtered resources of mall-manager-web
2018-05-22 15:00:11,673 [Worker-22] INFO  o.e.m.w.i.f.ResourceFilteringBuildParticipant - Executing resource filtering for mall-manager-web
2018-05-22 15:00:11,676 [Worker-22] INFO  o.e.m.c.i.embedder.EclipseLogger - Using 'UTF-8' encoding to copy filtered resources.
2018-05-22 15:00:13,992 [Worker-20] WARN  o.e.m.c.i.embedder.EclipseLogger - The POM for com.github.pagehelper:pagehelper:jar:3.4.2-fix is missing, no dependency information available
2018-05-22 15:00:14,072 [Worker-19] INFO  o.e.m.c.i.l.LifecycleMappingFactory - Using org.maven.ide.eclipse.wtp.WarLifecycleMapping lifecycle mapping for MavenProject: com.arjun.mall:mall-manager-web:0.0.1-SNAPSHOT @ /Users/pro/Desktop/Java/JavaWorkspace/mall-manager/mall-manager-web/pom.xml.
2018-05-22 15:00:14,110 [Worker-19] WARN  o.e.m.c.i.embedder.EclipseLogger - The POM for com.github.pagehelper:pagehelper:jar:3.4.2-fix is missing, no dependency information available
2018-05-22 15:00:14,322 [Worker-19] INFO  o.e.m.c.i.embedder.EclipseLogger - Using 'UTF-8' encoding to copy filtered resources.
2018-05-22 15:00:14,323 [Worker-19] INFO  o.e.m.c.i.embedder.EclipseLogger - Copying 0 resource
2018-05-22 15:00:14,323 [Worker-19] INFO  o.e.m.c.i.embedder.EclipseLogger - Using 'UTF-8' encoding to copy filtered resources.
2018-05-22 15:00:14,323 [Worker-19] INFO  o.e.m.c.i.embedder.EclipseLogger - Copying 0 resource
2018-05-22 15:00:14,323 [Worker-19] INFO  o.e.m.w.i.f.ResourceFilteringBuildParticipant - Changed resources require a complete clean of filtered resources of mall-manager-web
2018-05-22 15:00:14,323 [Worker-19] INFO  o.e.m.w.i.f.ResourceFilteringBuildParticipant - Executing resource filtering for mall-manager-web
2018-05-22 15:00:14,325 [Worker-19] INFO  o.e.m.c.i.embedder.EclipseLogger - Using 'UTF-8' encoding to copy filtered resources.
2018-05-22 15:01:43,476 [Worker-24] INFO  o.e.m.c.i.l.LifecycleMappingFactory - Using org.maven.ide.eclipse.wtp.WarLifecycleMapping lifecycle mapping for MavenProject: com.arjun.mall:mall-manager-web:0.0.1-SNAPSHOT @ /Users/pro/Desktop/Java/JavaWorkspace/mall-manager/mall-manager-web/pom.xml.
2018-05-22 15:01:43,767 [Worker-24] INFO  o.e.m.j.i.AbstractJavaProjectConfigurator - Adding source folder /mall-manager-web/src/main/java
2018-05-22 15:01:43,767 [Worker-24] INFO  o.e.m.j.i.AbstractJavaProjectConfigurator - Adding resource folder /mall-manager-web/src/main/resources
2018-05-22 15:01:43,770 [Worker-24] INFO  o.e.m.j.i.AbstractJavaProjectConfigurator - Adding source folder /mall-manager-web/src/test/java
2018-05-22 15:01:43,771 [Worker-24] INFO  o.e.m.j.i.AbstractJavaProjectConfigurator - Adding resource folder /mall-manager-web/src/test/resources
2018-05-22 15:01:44,097 [Worker-24] WARN  o.e.m.c.i.embedder.EclipseLogger - The artifact org.apache.commons:commons-io:jar:1.3.2 has been relocated to commons-io:commons-io:jar:1.3.2
2018-05-22 15:01:44,460 [Worker-12] INFO  o.e.m.c.i.embedder.EclipseLogger - Using 'UTF-8' encoding to copy filtered resources.
2018-05-22 15:01:44,460 [Worker-12] INFO  o.e.m.c.i.embedder.EclipseLogger - Copying 0 resource
2018-05-22 15:01:44,461 [Worker-12] INFO  o.e.m.c.i.embedder.EclipseLogger - Using 'UTF-8' encoding to copy filtered resources.
2018-05-22 15:01:44,461 [Worker-12] INFO  o.e.m.c.i.embedder.EclipseLogger - Copying 0 resource
2018-05-22 15:01:45,541 [Worker-25] INFO  o.e.m.c.i.embedder.EclipseLogger - Using 'UTF-8' encoding to copy filtered resources.
2018-05-22 15:01:45,541 [Worker-25] INFO  o.e.m.c.i.embedder.EclipseLogger - Copying 0 resource
2018-05-22 15:01:45,542 [Worker-25] INFO  o.e.m.c.i.embedder.EclipseLogger - Using 'UTF-8' encoding to copy filtered resources.
2018-05-22 15:01:45,542 [Worker-25] INFO  o.e.m.c.i.embedder.EclipseLogger - Copying 0 resource
2018-05-22 15:02:16,608 [Worker-24] INFO  o.e.m.c.i.embedder.EclipseLogger - Using 'UTF-8' encoding to copy filtered resources.
2018-05-22 15:02:16,608 [Worker-24] INFO  o.e.m.c.i.embedder.EclipseLogger - Copying 0 resource
2018-05-22 15:02:16,609 [Worker-24] INFO  o.e.m.c.i.embedder.EclipseLogger - Using 'UTF-8' encoding to copy filtered resources.
2018-05-22 15:02:16,609 [Worker-24] INFO  o.e.m.c.i.embedder.EclipseLogger - Copying 0 resource
2018-05-22 15:02:27,351 [Worker-22] INFO  o.e.m.c.i.embedder.EclipseLogger - Using 'UTF-8' encoding to copy filtered resources.
2018-05-22 15:02:27,351 [Worker-22] INFO  o.e.m.c.i.embedder.EclipseLogger - Copying 0 resource
2018-05-22 15:02:27,351 [Worker-22] INFO  o.e.m.c.i.embedder.EclipseLogger - Using 'UTF-8' encoding to copy filtered resources.
2018-05-22 15:02:27,351 [Worker-22] INFO  o.e.m.c.i.embedder.EclipseLogger - Copying 0 resource
2018-05-22 15:02:37,660 [Worker-23] INFO  o.e.m.c.i.embedder.EclipseLogger - Using 'UTF-8' encoding to copy filtered resources.
2018-05-22 15:02:37,660 [Worker-23] INFO  o.e.m.c.i.embedder.EclipseLogger - Copying 0 resource
2018-05-22 15:02:37,661 [Worker-23] INFO  o.e.m.c.i.embedder.EclipseLogger - Using 'UTF-8' encoding to copy filtered resources.
2018-05-22 15:02:37,661 [Worker-23] INFO  o.e.m.c.i.embedder.EclipseLogger - Copying 0 resource
2018-05-22 15:03:03,003 [Worker-22] INFO  o.e.m.c.i.l.LifecycleMappingFactory - Using org.maven.ide.eclipse.wtp.WarLifecycleMapping lifecycle mapping for MavenProject: com.arjun.mall:mall-manager-web:0.0.1-SNAPSHOT @ /Users/pro/Desktop/Java/JavaWorkspace/mall-manager/mall-manager-web/pom.xml.
2018-05-22 15:03:03,003 [Worker-22] WARN  o.e.m.c.i.embedder.EclipseLogger - The POM for cn.e3mall:e3-manager-service:jar:0.0.1-SNAPSHOT is missing, no dependency information available
2018-05-22 15:03:03,112 [Worker-22] WARN  o.e.m.c.i.embedder.EclipseLogger - The POM for cn.e3mall:e3-manager-service:jar:0.0.1-SNAPSHOT is missing, no dependency information available
2018-05-22 15:03:03,402 [Worker-22] INFO  o.e.m.c.i.embedder.EclipseLogger - Using 'UTF-8' encoding to copy filtered resources.
2018-05-22 15:03:03,402 [Worker-22] INFO  o.e.m.c.i.embedder.EclipseLogger - Copying 0 resource
2018-05-22 15:03:03,403 [Worker-22] INFO  o.e.m.c.i.embedder.EclipseLogger - Using 'UTF-8' encoding to copy filtered resources.
2018-05-22 15:03:03,404 [Worker-22] INFO  o.e.m.c.i.embedder.EclipseLogger - Copying 0 resource
2018-05-22 15:03:03,404 [Worker-22] INFO  o.e.m.w.i.f.ResourceFilteringBuildParticipant - Changed resources require a complete clean of filtered resources of mall-manager-web
2018-05-22 15:03:03,404 [Worker-22] INFO  o.e.m.w.i.f.ResourceFilteringBuildParticipant - Executing resource filtering for mall-manager-web
2018-05-22 15:03:03,407 [Worker-22] INFO  o.e.m.c.i.embedder.EclipseLogger - Using 'UTF-8' encoding to copy filtered resources.
2018-05-22 15:03:04,431 [Worker-23] INFO  o.e.m.c.i.embedder.EclipseLogger - Using 'UTF-8' encoding to copy filtered resources.
2018-05-22 15:03:04,431 [Worker-23] INFO  o.e.m.c.i.embedder.EclipseLogger - Copying 0 resource
2018-05-22 15:03:04,432 [Worker-23] INFO  o.e.m.c.i.embedder.EclipseLogger - Using 'UTF-8' encoding to copy filtered resources.
2018-05-22 15:03:04,432 [Worker-23] INFO  o.e.m.c.i.embedder.EclipseLogger - Copying 0 resource
2018-05-22 15:03:10,260 [Worker-19] WARN  o.e.m.c.i.embedder.EclipseLogger - The POM for com.arjun.mall:e3-manager-service:jar:0.0.1-SNAPSHOT is missing, no dependency information available
2018-05-22 15:03:10,353 [Worker-22] INFO  o.e.m.c.i.l.LifecycleMappingFactory - Using org.maven.ide.eclipse.wtp.WarLifecycleMapping lifecycle mapping for MavenProject: com.arjun.mall:mall-manager-web:0.0.1-SNAPSHOT @ /Users/pro/Desktop/Java/JavaWorkspace/mall-manager/mall-manager-web/pom.xml.
2018-05-22 15:03:10,354 [Worker-22] WARN  o.e.m.c.i.embedder.EclipseLogger - The POM for com.arjun.mall:e3-manager-service:jar:0.0.1-SNAPSHOT is missing, no dependency information available
2018-05-22 15:03:10,423 [Worker-22] WARN  o.e.m.c.i.embedder.EclipseLogger - The POM for com.arjun.mall:e3-manager-service:jar:0.0.1-SNAPSHOT is missing, no dependency information available
2018-05-22 15:03:10,694 [Worker-22] INFO  o.e.m.c.i.embedder.EclipseLogger - Using 'UTF-8' encoding to copy filtered resources.
2018-05-22 15:03:10,694 [Worker-22] INFO  o.e.m.c.i.embedder.EclipseLogger - Copying 0 resource
2018-05-22 15:03:10,694 [Worker-22] INFO  o.e.m.c.i.embedder.EclipseLogger - Using 'UTF-8' encoding to copy filtered resources.
2018-05-22 15:03:10,695 [Worker-22] INFO  o.e.m.c.i.embedder.EclipseLogger - Copying 0 resource
2018-05-22 15:03:10,695 [Worker-22] INFO  o.e.m.w.i.f.ResourceFilteringBuildParticipant - Changed resources require a complete clean of filtered resources of mall-manager-web
2018-05-22 15:03:10,695 [Worker-22] INFO  o.e.m.w.i.f.ResourceFilteringBuildParticipant - Executing resource filtering for mall-manager-web
2018-05-22 15:03:10,697 [Worker-22] INFO  o.e.m.c.i.embedder.EclipseLogger - Using 'UTF-8' encoding to copy filtered resources.
2018-05-22 15:03:13,753 [Worker-22] WARN  o.e.m.c.i.embedder.EclipseLogger - The POM for com.github.pagehelper:pagehelper:jar:3.4.2-fix is missing, no dependency information available
2018-05-22 15:03:13,880 [Worker-12] INFO  o.e.m.c.i.l.LifecycleMappingFactory - Using org.maven.ide.eclipse.wtp.WarLifecycleMapping lifecycle mapping for MavenProject: com.arjun.mall:mall-manager-web:0.0.1-SNAPSHOT @ /Users/pro/Desktop/Java/JavaWorkspace/mall-manager/mall-manager-web/pom.xml.
2018-05-22 15:03:13,911 [Worker-12] WARN  o.e.m.c.i.embedder.EclipseLogger - The POM for com.github.pagehelper:pagehelper:jar:3.4.2-fix is missing, no dependency information available
2018-05-22 15:03:14,073 [Worker-12] WARN  o.e.m.c.i.embedder.EclipseLogger - The POM for com.github.pagehelper:pagehelper:jar:3.4.2-fix is missing, no dependency information available
2018-05-22 15:03:14,294 [Worker-12] INFO  o.e.m.c.i.embedder.EclipseLogger - Using 'UTF-8' encoding to copy filtered resources.
2018-05-22 15:03:14,294 [Worker-12] INFO  o.e.m.c.i.embedder.EclipseLogger - Copying 0 resource
2018-05-22 15:03:14,294 [Worker-12] INFO  o.e.m.c.i.embedder.EclipseLogger - Using 'UTF-8' encoding to copy filtered resources.
2018-05-22 15:03:14,294 [Worker-12] INFO  o.e.m.c.i.embedder.EclipseLogger - Copying 0 resource
2018-05-22 15:03:14,294 [Worker-12] INFO  o.e.m.w.i.f.ResourceFilteringBuildParticipant - Changed resources require a complete clean of filtered resources of mall-manager-web
2018-05-22 15:03:14,294 [Worker-12] INFO  o.e.m.w.i.f.ResourceFilteringBuildParticipant - Executing resource filtering for mall-manager-web
2018-05-22 15:03:14,296 [Worker-12] INFO  o.e.m.c.i.embedder.EclipseLogger - Using 'UTF-8' encoding to copy filtered resources.
2018-05-22 15:03:15,378 [Worker-20] WARN  o.e.m.c.i.embedder.EclipseLogger - The POM for com.github.pagehelper:pagehelper:jar:3.4.2-fix is missing, no dependency information available
2018-05-22 15:03:15,392 [Worker-20] INFO  o.e.m.c.i.embedder.EclipseLogger - Using 'UTF-8' encoding to copy filtered resources.
2018-05-22 15:03:15,392 [Worker-20] INFO  o.e.m.c.i.embedder.EclipseLogger - Copying 0 resource
2018-05-22 15:03:15,393 [Worker-20] INFO  o.e.m.c.i.embedder.EclipseLogger - Using 'UTF-8' encoding to copy filtered resources.
2018-05-22 15:03:15,393 [Worker-20] INFO  o.e.m.c.i.embedder.EclipseLogger - Copying 0 resource
2018-05-22 15:03:38,961 [Worker-22] INFO  o.e.m.i.launch.MavenLaunchDelegate - /Users/pro/Desktop/Java/JavaWorkspace/mall-parent
2018-05-22 15:03:38,961 [Worker-22] INFO  o.e.m.i.launch.MavenLaunchDelegate -  mvn -B install
